[2020-01-22 04:01:07,678] INFO [GroupMetadataManager brokerId=0] Removed 0 expired offsets in 0 milliseconds. (kafka.coordinator.group.GroupMetadataManager)
[2020-01-22 04:11:07,797] INFO [GroupMetadataManager brokerId=0] Removed 0 expired offsets in 0 milliseconds. (kafka.coordinator.group.GroupMetadataManager)
[2020-01-22 04:21:07,961] INFO [GroupMetadataManager brokerId=0] Removed 0 expired offsets in 0 milliseconds. (kafka.coordinator.group.GroupMetadataManager)
[2020-01-22 04:31:07,989] INFO [GroupMetadataManager brokerId=0] Removed 0 expired offsets in 0 milliseconds. (kafka.coordinator.group.GroupMetadataManager)
[2020-01-22 04:41:07,994] INFO [GroupMetadataManager brokerId=0] Removed 0 expired offsets in 0 milliseconds. (kafka.coordinator.group.GroupMetadataManager)
[2020-01-22 04:44:39,835] INFO Terminating process due to signal SIGTERM (org.apache.kafka.common.utils.LoggingSignalHandler)
[2020-01-22 04:44:39,842] INFO [KafkaServer id=0] shutting down (kafka.server.KafkaServer)
[2020-01-22 04:44:39,842] INFO [KafkaServer id=0] Starting controlled shutdown (kafka.server.KafkaServer)
[2020-01-22 04:44:39,865] INFO [KafkaServer id=0] Controlled shutdown succeeded (kafka.server.KafkaServer)
[2020-01-22 04:44:39,868] INFO [/config/changes-event-process-thread]: Shutting down (kafka.common.ZkNodeChangeNotificationListener$ChangeEventProcessThread)
[2020-01-22 04:44:39,868] INFO [/config/changes-event-process-thread]: Stopped (kafka.common.ZkNodeChangeNotificationListener$ChangeEventProcessThread)
[2020-01-22 04:44:39,868] INFO [/config/changes-event-process-thread]: Shutdown completed (kafka.common.ZkNodeChangeNotificationListener$ChangeEventProcessThread)
[2020-01-22 04:44:39,868] INFO [SocketServer brokerId=0] Stopping socket server request processors (kafka.network.SocketServer)
[2020-01-22 04:44:39,874] INFO [SocketServer brokerId=0] Stopped socket server request processors (kafka.network.SocketServer)
[2020-01-22 04:44:39,875] INFO [data-plane Kafka Request Handler on Broker 0], shutting down (kafka.server.KafkaRequestHandlerPool)
[2020-01-22 04:44:39,877] INFO [data-plane Kafka Request Handler on Broker 0], shut down completely (kafka.server.KafkaRequestHandlerPool)
[2020-01-22 04:44:39,880] INFO [ExpirationReaper-0-AlterAcls]: Shutting down (kafka.server.DelayedOperationPurgatory$ExpiredOperationReaper)
[2020-01-22 04:44:39,972] INFO [ExpirationReaper-0-AlterAcls]: Stopped (kafka.server.DelayedOperationPurgatory$ExpiredOperationReaper)
[2020-01-22 04:44:39,973] INFO [ExpirationReaper-0-AlterAcls]: Shutdown completed (kafka.server.DelayedOperationPurgatory$ExpiredOperationReaper)
[2020-01-22 04:44:39,976] INFO [KafkaApi-0] Shutdown complete. (kafka.server.KafkaApis)
[2020-01-22 04:44:39,980] INFO [ExpirationReaper-0-topic]: Shutting down (kafka.server.DelayedOperationPurgatory$ExpiredOperationReaper)
[2020-01-22 04:44:40,097] INFO [ExpirationReaper-0-topic]: Stopped (kafka.server.DelayedOperationPurgatory$ExpiredOperationReaper)
[2020-01-22 04:44:40,097] INFO [ExpirationReaper-0-topic]: Shutdown completed (kafka.server.DelayedOperationPurgatory$ExpiredOperationReaper)
[2020-01-22 04:44:40,106] INFO [TransactionCoordinator id=0] Shutting down. (kafka.coordinator.transaction.TransactionCoordinator)
[2020-01-22 04:44:40,109] INFO [ProducerId Manager 0]: Shutdown complete: last producerId assigned 0 (kafka.coordinator.transaction.ProducerIdManager)
[2020-01-22 04:44:40,111] INFO [Transaction State Manager 0]: Shutdown complete (kafka.coordinator.transaction.TransactionStateManager)
[2020-01-22 04:44:40,111] INFO [Transaction Marker Channel Manager 0]: Shutting down (kafka.coordinator.transaction.TransactionMarkerChannelManager)
[2020-01-22 04:44:40,111] INFO [Transaction Marker Channel Manager 0]: Stopped (kafka.coordinator.transaction.TransactionMarkerChannelManager)
[2020-01-22 04:44:40,113] INFO [Transaction Marker Channel Manager 0]: Shutdown completed (kafka.coordinator.transaction.TransactionMarkerChannelManager)
[2020-01-22 04:44:40,115] INFO [TransactionCoordinator id=0] Shutdown complete. (kafka.coordinator.transaction.TransactionCoordinator)
[2020-01-22 04:44:40,117] INFO [GroupCoordinator 0]: Shutting down. (kafka.coordinator.group.GroupCoordinator)
[2020-01-22 04:44:40,119] INFO [ExpirationReaper-0-Heartbeat]: Shutting down (kafka.server.DelayedOperationPurgatory$ExpiredOperationReaper)
[2020-01-22 04:44:40,209] INFO [ExpirationReaper-0-Heartbeat]: Stopped (kafka.server.DelayedOperationPurgatory$ExpiredOperationReaper)
[2020-01-22 04:44:40,209] INFO [ExpirationReaper-0-Heartbeat]: Shutdown completed (kafka.server.DelayedOperationPurgatory$ExpiredOperationReaper)
[2020-01-22 04:44:40,211] INFO [ExpirationReaper-0-Rebalance]: Shutting down (kafka.server.DelayedOperationPurgatory$ExpiredOperationReaper)
[2020-01-22 04:44:40,276] INFO [ExpirationReaper-0-Rebalance]: Stopped (kafka.server.DelayedOperationPurgatory$ExpiredOperationReaper)
[2020-01-22 04:44:40,276] INFO [ExpirationReaper-0-Rebalance]: Shutdown completed (kafka.server.DelayedOperationPurgatory$ExpiredOperationReaper)
[2020-01-22 04:44:40,282] INFO [GroupCoordinator 0]: Shutdown complete. (kafka.coordinator.group.GroupCoordinator)
[2020-01-22 04:44:40,287] INFO [ReplicaManager broker=0] Shutting down (kafka.server.ReplicaManager)
[2020-01-22 04:44:40,289] INFO [LogDirFailureHandler]: Shutting down (kafka.server.ReplicaManager$LogDirFailureHandler)
[2020-01-22 04:44:40,290] INFO [LogDirFailureHandler]: Stopped (kafka.server.ReplicaManager$LogDirFailureHandler)
[2020-01-22 04:44:40,291] INFO [LogDirFailureHandler]: Shutdown completed (kafka.server.ReplicaManager$LogDirFailureHandler)
[2020-01-22 04:44:40,293] INFO [ReplicaFetcherManager on broker 0] shutting down (kafka.server.ReplicaFetcherManager)
[2020-01-22 04:44:40,300] INFO [ReplicaFetcherManager on broker 0] shutdown completed (kafka.server.ReplicaFetcherManager)
[2020-01-22 04:44:40,303] INFO [ReplicaAlterLogDirsManager on broker 0] shutting down (kafka.server.ReplicaAlterLogDirsManager)
[2020-01-22 04:44:40,304] INFO [ReplicaAlterLogDirsManager on broker 0] shutdown completed (kafka.server.ReplicaAlterLogDirsManager)
[2020-01-22 04:44:40,305] INFO [ExpirationReaper-0-Fetch]: Shutting down (kafka.server.DelayedOperationPurgatory$ExpiredOperationReaper)
[2020-01-22 04:44:40,373] INFO [ExpirationReaper-0-Fetch]: Stopped (kafka.server.DelayedOperationPurgatory$ExpiredOperationReaper)
[2020-01-22 04:44:40,373] INFO [ExpirationReaper-0-Fetch]: Shutdown completed (kafka.server.DelayedOperationPurgatory$ExpiredOperationReaper)
[2020-01-22 04:44:40,374] INFO [ExpirationReaper-0-Produce]: Shutting down (kafka.server.DelayedOperationPurgatory$ExpiredOperationReaper)
[2020-01-22 04:44:40,409] INFO [ExpirationReaper-0-Produce]: Stopped (kafka.server.DelayedOperationPurgatory$ExpiredOperationReaper)
[2020-01-22 04:44:40,409] INFO [ExpirationReaper-0-Produce]: Shutdown completed (kafka.server.DelayedOperationPurgatory$ExpiredOperationReaper)
[2020-01-22 04:44:40,409] INFO [ExpirationReaper-0-DeleteRecords]: Shutting down (kafka.server.DelayedOperationPurgatory$ExpiredOperationReaper)
[2020-01-22 04:44:40,472] INFO [ExpirationReaper-0-DeleteRecords]: Stopped (kafka.server.DelayedOperationPurgatory$ExpiredOperationReaper)
[2020-01-22 04:44:40,472] INFO [ExpirationReaper-0-DeleteRecords]: Shutdown completed (kafka.server.DelayedOperationPurgatory$ExpiredOperationReaper)
[2020-01-22 04:44:40,472] INFO [ExpirationReaper-0-ElectLeader]: Shutting down (kafka.server.DelayedOperationPurgatory$ExpiredOperationReaper)
[2020-01-22 04:44:40,474] INFO [ExpirationReaper-0-ElectLeader]: Stopped (kafka.server.DelayedOperationPurgatory$ExpiredOperationReaper)
[2020-01-22 04:44:40,474] INFO [ExpirationReaper-0-ElectLeader]: Shutdown completed (kafka.server.DelayedOperationPurgatory$ExpiredOperationReaper)
[2020-01-22 04:44:40,483] INFO [ReplicaManager broker=0] Shut down completely (kafka.server.ReplicaManager)
[2020-01-22 04:44:40,484] INFO Shutting down. (kafka.log.LogManager)
[2020-01-22 04:44:40,497] INFO [ProducerStateManager partition=__consumer_offsets-22] Writing producer snapshot at offset 3 (kafka.log.ProducerStateManager)
[2020-01-22 04:44:40,517] INFO [ProducerStateManager partition=__consumer_offsets-46] Writing producer snapshot at offset 3 (kafka.log.ProducerStateManager)
[2020-01-22 04:44:40,519] INFO [ProducerStateManager partition=__consumer_offsets-25] Writing producer snapshot at offset 3 (kafka.log.ProducerStateManager)
[2020-01-22 04:44:40,526] INFO [ProducerStateManager partition=test-0] Writing producer snapshot at offset 14 (kafka.log.ProducerStateManager)
[2020-01-22 04:44:40,531] INFO [ProducerStateManager partition=__consumer_offsets-36] Writing producer snapshot at offset 3 (kafka.log.ProducerStateManager)
[2020-01-22 04:44:40,534] INFO [ProducerStateManager partition=__consumer_offsets-37] Writing producer snapshot at offset 3 (kafka.log.ProducerStateManager)
[2020-01-22 04:44:40,547] INFO [ProducerStateManager partition=test2-0] Writing producer snapshot at offset 14 (kafka.log.ProducerStateManager)
[2020-01-22 04:44:40,563] INFO Shutdown complete. (kafka.log.LogManager)
[2020-01-22 04:44:40,570] INFO [ZooKeeperClient Kafka server] Closing. (kafka.zookeeper.ZooKeeperClient)
[2020-01-22 04:44:40,675] INFO EventThread shut down for session: 0x100012bef8c0008 (org.apache.zookeeper.ClientCnxn)
[2020-01-22 04:44:40,678] INFO Session: 0x100012bef8c0008 closed (org.apache.zookeeper.ZooKeeper)
[2020-01-22 04:44:40,682] INFO [ZooKeeperClient Kafka server] Closed. (kafka.zookeeper.ZooKeeperClient)
[2020-01-22 04:44:40,684] INFO [ThrottledChannelReaper-Fetch]: Shutting down (kafka.server.ClientQuotaManager$ThrottledChannelReaper)
[2020-01-22 04:44:41,604] INFO [ThrottledChannelReaper-Fetch]: Stopped (kafka.server.ClientQuotaManager$ThrottledChannelReaper)
[2020-01-22 04:44:41,605] INFO [ThrottledChannelReaper-Fetch]: Shutdown completed (kafka.server.ClientQuotaManager$ThrottledChannelReaper)
[2020-01-22 04:44:41,606] INFO [ThrottledChannelReaper-Produce]: Shutting down (kafka.server.ClientQuotaManager$ThrottledChannelReaper)
[2020-01-22 04:44:41,834] INFO [ThrottledChannelReaper-Produce]: Stopped (kafka.server.ClientQuotaManager$ThrottledChannelReaper)
[2020-01-22 04:44:41,834] INFO [ThrottledChannelReaper-Produce]: Shutdown completed (kafka.server.ClientQuotaManager$ThrottledChannelReaper)
[2020-01-22 04:44:41,834] INFO [ThrottledChannelReaper-Request]: Shutting down (kafka.server.ClientQuotaManager$ThrottledChannelReaper)
[2020-01-22 04:44:42,834] INFO [ThrottledChannelReaper-Request]: Stopped (kafka.server.ClientQuotaManager$ThrottledChannelReaper)
[2020-01-22 04:44:42,835] INFO [ThrottledChannelReaper-Request]: Shutdown completed (kafka.server.ClientQuotaManager$ThrottledChannelReaper)
[2020-01-22 04:44:42,843] INFO [SocketServer brokerId=0] Shutting down socket server (kafka.network.SocketServer)
[2020-01-22 04:44:42,885] INFO [SocketServer brokerId=0] Shutdown completed (kafka.network.SocketServer)
[2020-01-22 04:44:42,889] INFO [KafkaServer id=0] shut down completed (kafka.server.KafkaServer)
