2021-01-30 16:12:42.616  INFO 72 --- [main] s.c.a.AnnotationConfigApplicationContext : Refreshing org.springframework.context.annotation.AnnotationConfigApplicationContext@36aa7bc2: startup date [Sat Jan 30 16:12:42 CST 2021]; root of context hierarchy
2021-01-30 16:12:46.364  INFO 72 --- [main] f.a.AutowiredAnnotationBeanPostProcessor : JSR-330 'javax.inject.Inject' annotation found and supported for autowiring
2021-01-30 16:12:46.704  INFO 72 --- [main] trationDelegate$BeanPostProcessorChecker : Bean 'configurationPropertiesRebinderAutoConfiguration' of type [org.springframework.cloud.autoconfigure.ConfigurationPropertiesRebinderAutoConfiguration$$EnhancerBySpringCGLIB$$d2677ffd] is not eligible for getting processed by all BeanPostProcessors (for example: not eligible for auto-proxying)
2021-01-30 16:12:50.791  INFO 72 --- [main] o.a.s.apm.webapp.ApplicationStartUp      : No active profile set, falling back to default profiles: default
2021-01-30 16:12:51.025  INFO 72 --- [main] ationConfigEmbeddedWebApplicationContext : Refreshing org.springframework.boot.context.embedded.AnnotationConfigEmbeddedWebApplicationContext@5e0826e7: startup date [Sat Jan 30 16:12:51 CST 2021]; parent: org.springframework.context.annotation.AnnotationConfigApplicationContext@36aa7bc2
2021-01-30 16:12:59.988  INFO 72 --- [main] o.s.b.f.s.DefaultListableBeanFactory     : Overriding bean definition for bean 'counterFactory' with a different definition: replacing [Root bean: class [null]; scope=; abstract=false; lazyInit=false; autowireMode=3; dependencyCheck=0; autowireCandidate=true; primary=false; factoryBeanName=org.springframework.cloud.netflix.zuul.ZuulServerAutoConfiguration$ZuulMetricsConfiguration; factoryMethodName=counterFactory; initMethodName=null; destroyMethodName=(inferred); defined in class path resource [org/springframework/cloud/netflix/zuul/ZuulServerAutoConfiguration$ZuulMetricsConfiguration.class]] with [Root bean: class [null]; scope=; abstract=false; lazyInit=false; autowireMode=3; dependencyCheck=0; autowireCandidate=true; primary=false; factoryBeanName=org.springframework.cloud.netflix.zuul.ZuulServerAutoConfiguration$ZuulCounterFactoryConfiguration; factoryMethodName=counterFactory; initMethodName=null; destroyMethodName=(inferred); defined in class path resource [org/springframework/cloud/netflix/zuul/ZuulServerAutoConfiguration$ZuulCounterFactoryConfiguration.class]]
2021-01-30 16:13:00.758  INFO 72 --- [main] o.s.cloud.context.scope.GenericScope     : BeanFactory id=5c90c110-a47c-3c99-a38e-b0ff002b7284
2021-01-30 16:13:00.784  INFO 72 --- [main] f.a.AutowiredAnnotationBeanPostProcessor : JSR-330 'javax.inject.Inject' annotation found and supported for autowiring
2021-01-30 16:13:01.532  INFO 72 --- [main] trationDelegate$BeanPostProcessorChecker : Bean 'org.springframework.cloud.netflix.metrics.MetricsInterceptorConfiguration$MetricsRestTemplateConfiguration' of type [org.springframework.cloud.netflix.metrics.MetricsInterceptorConfiguration$MetricsRestTemplateConfiguration$$EnhancerBySpringCGLIB$$e87a2341] is not eligible for getting processed by all BeanPostProcessors (for example: not eligible for auto-proxying)
2021-01-30 16:13:03.504  INFO 72 --- [main] trationDelegate$BeanPostProcessorChecker : Bean 'org.springframework.cloud.autoconfigure.ConfigurationPropertiesRebinderAutoConfiguration' of type [org.springframework.cloud.autoconfigure.ConfigurationPropertiesRebinderAutoConfiguration$$EnhancerBySpringCGLIB$$d2677ffd] is not eligible for getting processed by all BeanPostProcessors (for example: not eligible for auto-proxying)
2021-01-30 16:13:06.354  INFO 72 --- [main] s.b.c.e.t.TomcatEmbeddedServletContainer : Tomcat initialized with port(s): 8080 (http)
2021-01-30 16:13:06.581  INFO 72 --- [main] o.apache.catalina.core.StandardService   : Starting service [Tomcat]
2021-01-30 16:13:06.582  INFO 72 --- [main] org.apache.catalina.core.StandardEngine  : Starting Servlet Engine: Apache Tomcat/8.5.29
2021-01-30 16:13:07.553  INFO 72 --- [localhost-startStop-1] o.a.c.c.C.[Tomcat].[localhost].[/]       : Initializing Spring embedded WebApplicationContext
2021-01-30 16:13:07.660  INFO 72 --- [localhost-startStop-1] o.s.web.context.ContextLoader            : Root WebApplicationContext: initialization completed in 16628 ms
2021-01-30 16:13:11.247  INFO 72 --- [localhost-startStop-1] o.s.b.w.servlet.ServletRegistrationBean  : Mapping servlet: 'dispatcherServlet' to [/]
2021-01-30 16:13:11.266  INFO 72 --- [localhost-startStop-1] o.s.b.w.servlet.ServletRegistrationBean  : Mapping servlet: 'zuulServlet' to [/zuul/*]
2021-01-30 16:13:11.312  INFO 72 --- [localhost-startStop-1] o.s.b.w.servlet.FilterRegistrationBean   : Mapping filter: 'metricsFilter' to: [/*]
2021-01-30 16:13:11.314  INFO 72 --- [localhost-startStop-1] o.s.b.w.servlet.FilterRegistrationBean   : Mapping filter: 'characterEncodingFilter' to: [/*]
2021-01-30 16:13:11.316  INFO 72 --- [localhost-startStop-1] o.s.b.w.servlet.FilterRegistrationBean   : Mapping filter: 'hiddenHttpMethodFilter' to: [/*]
2021-01-30 16:13:11.317  INFO 72 --- [localhost-startStop-1] o.s.b.w.servlet.FilterRegistrationBean   : Mapping filter: 'httpPutFormContentFilter' to: [/*]
2021-01-30 16:13:11.318  INFO 72 --- [localhost-startStop-1] o.s.b.w.servlet.FilterRegistrationBean   : Mapping filter: 'requestContextFilter' to: [/*]
2021-01-30 16:13:11.319  INFO 72 --- [localhost-startStop-1] o.s.b.w.servlet.FilterRegistrationBean   : Mapping filter: 'webRequestLoggingFilter' to: [/*]
2021-01-30 16:13:11.320  INFO 72 --- [localhost-startStop-1] o.s.b.w.servlet.FilterRegistrationBean   : Mapping filter: 'applicationContextIdFilter' to: [/*]
2021-01-30 16:13:12.407  WARN 72 --- [main] c.n.c.sources.URLConfigurationSource     : No URLs will be polled as dynamic configuration sources.
2021-01-30 16:13:12.408  INFO 72 --- [main] c.n.c.sources.URLConfigurationSource     : To enable URLs as dynamic configuration sources, define System property archaius.configurationSource.additionalUrls or make config.properties available on classpath.
2021-01-30 16:13:12.509  INFO 72 --- [main] c.netflix.config.DynamicPropertyFactory  : DynamicPropertyFactory is initialized with configuration sources: com.netflix.config.ConcurrentCompositeConfiguration@1fd14d74
2021-01-30 16:13:15.387  WARN 72 --- [main] o.s.c.n.a.ArchaiusAutoConfiguration      : No spring.application.name found, defaulting to 'application'
2021-01-30 16:13:15.389  WARN 72 --- [main] c.n.c.sources.URLConfigurationSource     : No URLs will be polled as dynamic configuration sources.
2021-01-30 16:13:15.389  INFO 72 --- [main] c.n.c.sources.URLConfigurationSource     : To enable URLs as dynamic configuration sources, define System property archaius.configurationSource.additionalUrls or make config.properties available on classpath.
2021-01-30 16:13:17.833  INFO 72 --- [main] s.w.s.m.m.a.RequestMappingHandlerAdapter : Looking for @ControllerAdvice: org.springframework.boot.context.embedded.AnnotationConfigEmbeddedWebApplicationContext@5e0826e7: startup date [Sat Jan 30 16:12:51 CST 2021]; parent: org.springframework.context.annotation.AnnotationConfigApplicationContext@36aa7bc2
2021-01-30 16:13:19.591  INFO 72 --- [main] s.w.s.m.m.a.RequestMappingHandlerMapping : Mapped "{[/error]}" onto public org.springframework.http.ResponseEntity<java.util.Map<java.lang.String, java.lang.Object>> org.springframework.boot.autoconfigure.web.BasicErrorController.error(javax.servlet.http.HttpServletRequest)
2021-01-30 16:13:19.599  INFO 72 --- [main] s.w.s.m.m.a.RequestMappingHandlerMapping : Mapped "{[/error],produces=[text/html]}" onto public org.springframework.web.servlet.ModelAndView org.springframework.boot.autoconfigure.web.BasicErrorController.errorHtml(javax.servlet.http.HttpServletRequest,javax.servlet.http.HttpServletResponse)
2021-01-30 16:13:20.223  INFO 72 --- [main] o.s.w.s.handler.SimpleUrlHandlerMapping  : Mapped URL path [/index.html] onto handler of type [class org.springframework.web.servlet.resource.ResourceHttpRequestHandler]
2021-01-30 16:13:20.224  INFO 72 --- [main] o.s.w.s.handler.SimpleUrlHandlerMapping  : Mapped URL path [/css/**] onto handler of type [class org.springframework.web.servlet.resource.ResourceHttpRequestHandler]
2021-01-30 16:13:20.227  INFO 72 --- [main] o.s.w.s.handler.SimpleUrlHandlerMapping  : Mapped URL path [/img/**] onto handler of type [class org.springframework.web.servlet.resource.ResourceHttpRequestHandler]
2021-01-30 16:13:20.227  INFO 72 --- [main] o.s.w.s.handler.SimpleUrlHandlerMapping  : Mapped URL path [/js/**] onto handler of type [class org.springframework.web.servlet.resource.ResourceHttpRequestHandler]
2021-01-30 16:13:20.228  INFO 72 --- [main] o.s.w.s.handler.SimpleUrlHandlerMapping  : Mapped URL path [/favicon.ico] onto handler of type [class org.springframework.web.servlet.resource.ResourceHttpRequestHandler]
2021-01-30 16:13:20.228  INFO 72 --- [main] o.s.w.s.handler.SimpleUrlHandlerMapping  : Mapped URL path [/logo.png] onto handler of type [class org.springframework.web.servlet.resource.ResourceHttpRequestHandler]
2021-01-30 16:13:20.321  INFO 72 --- [main] .m.m.a.ExceptionHandlerExceptionResolver : Detected @ExceptionHandler methods in notFoundHandler
2021-01-30 16:13:20.568  INFO 72 --- [main] o.s.w.s.handler.SimpleUrlHandlerMapping  : Mapped URL path [/**/favicon.ico] onto handler of type [class org.springframework.web.servlet.resource.ResourceHttpRequestHandler]
2021-01-30 16:13:20.947  INFO 72 --- [main] oConfiguration$WelcomePageHandlerMapping : Adding welcome page: class path resource [public/index.html]
2021-01-30 16:13:24.714  INFO 72 --- [main] o.s.b.a.e.mvc.EndpointHandlerMapping     : Mapped "{[/manage/env],methods=[POST]}" onto public java.lang.Object org.springframework.cloud.context.environment.EnvironmentManagerMvcEndpoint.value(java.util.Map<java.lang.String, java.lang.String>)
2021-01-30 16:13:24.716  INFO 72 --- [main] o.s.b.a.e.mvc.EndpointHandlerMapping     : Mapped "{[/manage/env/reset],methods=[POST]}" onto public java.util.Map<java.lang.String, java.lang.Object> org.springframework.cloud.context.environment.EnvironmentManagerMvcEndpoint.reset()
2021-01-30 16:13:24.717  INFO 72 --- [main] o.s.b.a.e.mvc.EndpointHandlerMapping     : Mapped "{[/manage/logfile || /manage/logfile.json],methods=[GET || HEAD]}" onto public void org.springframework.boot.actuate.endpoint.mvc.LogFileMvcEndpoint.invoke(javax.servlet.http.HttpServletRequest,javax.servlet.http.HttpServletResponse) throws javax.servlet.ServletException,java.io.IOException
2021-01-30 16:13:24.718  INFO 72 --- [main] o.s.b.a.e.mvc.EndpointHandlerMapping     : Mapped "{[/manage/trace || /manage/trace.json],methods=[GET],produces=[application/vnd.spring-boot.actuator.v1+json || application/json]}" onto public java.lang.Object org.springframework.boot.actuate.endpoint.mvc.EndpointMvcAdapter.invoke()
2021-01-30 16:13:24.722  INFO 72 --- [main] o.s.b.a.e.mvc.EndpointHandlerMapping     : Mapped "{[/manage/beans || /manage/beans.json],methods=[GET],produces=[application/vnd.spring-boot.actuator.v1+json || application/json]}" onto public java.lang.Object org.springframework.boot.actuate.endpoint.mvc.EndpointMvcAdapter.invoke()
2021-01-30 16:13:24.753  INFO 72 --- [main] o.s.b.a.e.mvc.EndpointHandlerMapping     : Mapped "{[/manage/routes || /manage/routes.json],methods=[POST]}" onto public java.lang.Object org.springframework.cloud.netflix.zuul.RoutesMvcEndpoint.reset()
2021-01-30 16:13:24.754  INFO 72 --- [main] o.s.b.a.e.mvc.EndpointHandlerMapping     : Mapped "{[/manage/routes || /manage/routes.json],methods=[GET],params=[format],produces=[application/vnd.spring-boot.actuator.v1+json || application/json]}" onto public java.lang.Object org.springframework.cloud.netflix.zuul.RoutesMvcEndpoint.invokeRouteDetails(java.lang.String)
2021-01-30 16:13:24.754  INFO 72 --- [main] o.s.b.a.e.mvc.EndpointHandlerMapping     : Mapped "{[/manage/routes || /manage/routes.json],methods=[GET],produces=[application/vnd.spring-boot.actuator.v1+json || application/json]}" onto public java.lang.Object org.springframework.boot.actuate.endpoint.mvc.EndpointMvcAdapter.invoke()
2021-01-30 16:13:24.755  INFO 72 --- [main] o.s.b.a.e.mvc.EndpointHandlerMapping     : Mapped "{[/manage/heapdump || /manage/heapdump.json],methods=[GET],produces=[application/octet-stream]}" onto public void org.springframework.boot.actuate.endpoint.mvc.HeapdumpMvcEndpoint.invoke(boolean,javax.servlet.http.HttpServletRequest,javax.servlet.http.HttpServletResponse) throws java.io.IOException,javax.servlet.ServletException
2021-01-30 16:13:24.757  INFO 72 --- [main] o.s.b.a.e.mvc.EndpointHandlerMapping     : Mapped "{[/manage/features || /manage/features.json],methods=[GET],produces=[application/vnd.spring-boot.actuator.v1+json || application/json]}" onto public java.lang.Object org.springframework.boot.actuate.endpoint.mvc.EndpointMvcAdapter.invoke()
2021-01-30 16:13:24.758  INFO 72 --- [main] o.s.b.a.e.mvc.EndpointHandlerMapping     : Mapped "{[/manage/dump || /manage/dump.json],methods=[GET],produces=[application/vnd.spring-boot.actuator.v1+json || application/json]}" onto public java.lang.Object org.springframework.boot.actuate.endpoint.mvc.EndpointMvcAdapter.invoke()
2021-01-30 16:13:24.760  INFO 72 --- [main] o.s.b.a.e.mvc.EndpointHandlerMapping     : Mapped "{[/manage/auditevents || /manage/auditevents.json],methods=[GET],produces=[application/vnd.spring-boot.actuator.v1+json || application/json]}" onto public org.springframework.http.ResponseEntity<?> org.springframework.boot.actuate.endpoint.mvc.AuditEventsMvcEndpoint.findByPrincipalAndAfterAndType(java.lang.String,java.util.Date,java.lang.String)
2021-01-30 16:13:24.767  INFO 72 --- [main] o.s.b.a.e.mvc.EndpointHandlerMapping     : Mapped "{[/manage/mappings || /manage/mappings.json],methods=[GET],produces=[application/vnd.spring-boot.actuator.v1+json || application/json]}" onto public java.lang.Object org.springframework.boot.actuate.endpoint.mvc.EndpointMvcAdapter.invoke()
2021-01-30 16:13:24.768  INFO 72 --- [main] o.s.b.a.e.mvc.EndpointHandlerMapping     : Mapped "{[/manage/health || /manage/health.json],methods=[GET],produces=[application/vnd.spring-boot.actuator.v1+json || application/json]}" onto public java.lang.Object org.springframework.boot.actuate.endpoint.mvc.HealthMvcEndpoint.invoke(javax.servlet.http.HttpServletRequest,java.security.Principal)
2021-01-30 16:13:24.780  INFO 72 --- [main] o.s.b.a.e.mvc.EndpointHandlerMapping     : Mapped "{[/manage/loggers/{name:.*}],methods=[GET],produces=[application/vnd.spring-boot.actuator.v1+json || application/json]}" onto public java.lang.Object org.springframework.boot.actuate.endpoint.mvc.LoggersMvcEndpoint.get(java.lang.String)
2021-01-30 16:13:24.781  INFO 72 --- [main] o.s.b.a.e.mvc.EndpointHandlerMapping     : Mapped "{[/manage/loggers/{name:.*}],methods=[POST],consumes=[application/vnd.spring-boot.actuator.v1+json || application/json],produces=[application/vnd.spring-boot.actuator.v1+json || application/json]}" onto public java.lang.Object org.springframework.boot.actuate.endpoint.mvc.LoggersMvcEndpoint.set(java.lang.String,java.util.Map<java.lang.String, java.lang.String>)
2021-01-30 16:13:24.782  INFO 72 --- [main] o.s.b.a.e.mvc.EndpointHandlerMapping     : Mapped "{[/manage/loggers || /manage/loggers.json],methods=[GET],produces=[application/vnd.spring-boot.actuator.v1+json || application/json]}" onto public java.lang.Object org.springframework.boot.actuate.endpoint.mvc.EndpointMvcAdapter.invoke()
2021-01-30 16:13:24.783  INFO 72 --- [main] o.s.b.a.e.mvc.EndpointHandlerMapping     : Mapped "{[/manage/hystrix.stream/**]}" onto public org.springframework.web.servlet.ModelAndView org.springframework.cloud.netflix.endpoint.ServletWrappingEndpoint.handle(javax.servlet.http.HttpServletRequest,javax.servlet.http.HttpServletResponse) throws java.lang.Exception
2021-01-30 16:13:24.784  INFO 72 --- [main] o.s.b.a.e.mvc.EndpointHandlerMapping     : Mapped "{[/manage/configprops || /manage/configprops.json],methods=[GET],produces=[application/vnd.spring-boot.actuator.v1+json || application/json]}" onto public java.lang.Object org.springframework.boot.actuate.endpoint.mvc.EndpointMvcAdapter.invoke()
2021-01-30 16:13:24.785  INFO 72 --- [main] o.s.b.a.e.mvc.EndpointHandlerMapping     : Mapped "{[/manage/refresh || /manage/refresh.json],methods=[POST]}" onto public java.lang.Object org.springframework.cloud.endpoint.GenericPostableMvcEndpoint.invoke()
2021-01-30 16:13:24.786  INFO 72 --- [main] o.s.b.a.e.mvc.EndpointHandlerMapping     : Mapped "{[/manage/info || /manage/info.json],methods=[GET],produces=[application/vnd.spring-boot.actuator.v1+json || application/json]}" onto public java.lang.Object org.springframework.boot.actuate.endpoint.mvc.EndpointMvcAdapter.invoke()
2021-01-30 16:13:24.787  INFO 72 --- [main] o.s.b.a.e.mvc.EndpointHandlerMapping     : Mapped "{[/manage/archaius || /manage/archaius.json],methods=[GET],produces=[application/vnd.spring-boot.actuator.v1+json || application/json]}" onto public java.lang.Object org.springframework.boot.actuate.endpoint.mvc.EndpointMvcAdapter.invoke()
2021-01-30 16:13:24.788  INFO 72 --- [main] o.s.b.a.e.mvc.EndpointHandlerMapping     : Mapped "{[/manage/env/{name:.*}],methods=[GET],produces=[application/vnd.spring-boot.actuator.v1+json || application/json]}" onto public java.lang.Object org.springframework.boot.actuate.endpoint.mvc.EnvironmentMvcEndpoint.value(java.lang.String)
2021-01-30 16:13:24.789  INFO 72 --- [main] o.s.b.a.e.mvc.EndpointHandlerMapping     : Mapped "{[/manage/env || /manage/env.json],methods=[GET],produces=[application/vnd.spring-boot.actuator.v1+json || application/json]}" onto public java.lang.Object org.springframework.boot.actuate.endpoint.mvc.EndpointMvcAdapter.invoke()
2021-01-30 16:13:24.790  INFO 72 --- [main] o.s.b.a.e.mvc.EndpointHandlerMapping     : Mapped "{[/manage/metrics/{name:.*}],methods=[GET],produces=[application/vnd.spring-boot.actuator.v1+json || application/json]}" onto public java.lang.Object org.springframework.boot.actuate.endpoint.mvc.MetricsMvcEndpoint.value(java.lang.String)
2021-01-30 16:13:24.794  INFO 72 --- [main] o.s.b.a.e.mvc.EndpointHandlerMapping     : Mapped "{[/manage/metrics || /manage/metrics.json],methods=[GET],produces=[application/vnd.spring-boot.actuator.v1+json || application/json]}" onto public java.lang.Object org.springframework.boot.actuate.endpoint.mvc.EndpointMvcAdapter.invoke()
2021-01-30 16:13:24.795  INFO 72 --- [main] o.s.b.a.e.mvc.EndpointHandlerMapping     : Mapped "{[/manage/autoconfig || /manage/autoconfig.json],methods=[GET],produces=[application/vnd.spring-boot.actuator.v1+json || application/json]}" onto public java.lang.Object org.springframework.boot.actuate.endpoint.mvc.EndpointMvcAdapter.invoke()
2021-01-30 16:13:24.796  INFO 72 --- [main] o.s.b.a.e.mvc.EndpointHandlerMapping     : Mapped "{[/manage/filters || /manage/filters.json],methods=[GET],produces=[application/vnd.spring-boot.actuator.v1+json || application/json]}" onto public java.lang.Object org.springframework.boot.actuate.endpoint.mvc.EndpointMvcAdapter.invoke()
2021-01-30 16:13:28.620  INFO 72 --- [main] o.s.c.n.zuul.ZuulFilterInitializer       : Starting filter initializer
2021-01-30 16:13:28.817  INFO 72 --- [main] o.s.j.e.a.AnnotationMBeanExporter        : Registering beans for JMX exposure on startup
2021-01-30 16:13:28.863  INFO 72 --- [main] o.s.j.e.a.AnnotationMBeanExporter        : Bean with name 'configurationPropertiesRebinder' has been autodetected for JMX exposure
2021-01-30 16:13:28.864  INFO 72 --- [main] o.s.j.e.a.AnnotationMBeanExporter        : Bean with name 'environmentManager' has been autodetected for JMX exposure
2021-01-30 16:13:28.865  INFO 72 --- [main] o.s.j.e.a.AnnotationMBeanExporter        : Bean with name 'refreshEndpoint' has been autodetected for JMX exposure
2021-01-30 16:13:28.867  INFO 72 --- [main] o.s.j.e.a.AnnotationMBeanExporter        : Bean with name 'routesEndpoint' has been autodetected for JMX exposure
2021-01-30 16:13:28.868  INFO 72 --- [main] o.s.j.e.a.AnnotationMBeanExporter        : Bean with name 'routesMvcEndpoint' has been autodetected for JMX exposure
2021-01-30 16:13:28.869  INFO 72 --- [main] o.s.j.e.a.AnnotationMBeanExporter        : Bean with name 'filtersEndpoint' has been autodetected for JMX exposure
2021-01-30 16:13:28.870  INFO 72 --- [main] o.s.j.e.a.AnnotationMBeanExporter        : Bean with name 'refreshScope' has been autodetected for JMX exposure
2021-01-30 16:13:28.900  INFO 72 --- [main] o.s.j.e.a.AnnotationMBeanExporter        : Located managed bean 'environmentManager': registering with JMX server as MBean [org.springframework.cloud.context.environment:name=environmentManager,type=EnvironmentManager]
2021-01-30 16:13:28.982  INFO 72 --- [main] o.s.j.e.a.AnnotationMBeanExporter        : Located managed bean 'routesEndpoint': registering with JMX server as MBean [org.springframework.cloud.netflix.zuul:name=routesEndpoint,type=RoutesEndpoint]
2021-01-30 16:13:28.995  WARN 72 --- [main] o.s.j.e.a.AnnotationMBeanExporter        : Bean with key 'routesEndpoint' has been registered as an MBean but has no exposed attributes or operations
2021-01-30 16:13:28.997  INFO 72 --- [main] o.s.j.e.a.AnnotationMBeanExporter        : Located managed bean 'routesMvcEndpoint': registering with JMX server as MBean [org.springframework.cloud.netflix.zuul:name=routesMvcEndpoint,type=RoutesMvcEndpoint]
2021-01-30 16:13:29.013  INFO 72 --- [main] o.s.j.e.a.AnnotationMBeanExporter        : Located managed bean 'filtersEndpoint': registering with JMX server as MBean [org.springframework.cloud.netflix.zuul:name=filtersEndpoint,type=FiltersEndpoint]
2021-01-30 16:13:29.014  WARN 72 --- [main] o.s.j.e.a.AnnotationMBeanExporter        : Bean with key 'filtersEndpoint' has been registered as an MBean but has no exposed attributes or operations
2021-01-30 16:13:29.016  INFO 72 --- [main] o.s.j.e.a.AnnotationMBeanExporter        : Located managed bean 'refreshScope': registering with JMX server as MBean [org.springframework.cloud.context.scope.refresh:name=refreshScope,type=RefreshScope]
2021-01-30 16:13:29.042  INFO 72 --- [main] o.s.j.e.a.AnnotationMBeanExporter        : Located managed bean 'configurationPropertiesRebinder': registering with JMX server as MBean [org.springframework.cloud.context.properties:name=configurationPropertiesRebinder,context=5e0826e7,type=ConfigurationPropertiesRebinder]
2021-01-30 16:13:29.058  INFO 72 --- [main] o.s.j.e.a.AnnotationMBeanExporter        : Located managed bean 'refreshEndpoint': registering with JMX server as MBean [org.springframework.cloud.endpoint:name=refreshEndpoint,type=RefreshEndpoint]
2021-01-30 16:13:29.142  INFO 72 --- [main] o.s.c.support.DefaultLifecycleProcessor  : Starting beans in phase 0
2021-01-30 16:13:29.193  INFO 72 --- [main] o.s.c.support.DefaultLifecycleProcessor  : Starting beans in phase 2147483647
2021-01-30 16:13:29.236  INFO 72 --- [main] ration$HystrixMetricsPollerConfiguration : Starting poller
2021-01-30 16:13:29.513  INFO 72 --- [main] s.b.c.e.t.TomcatEmbeddedServletContainer : Tomcat started on port(s): 8080 (http)
2021-01-30 16:13:29.526  INFO 72 --- [main] o.a.s.apm.webapp.ApplicationStartUp      : Started ApplicationStartUp in 54.322 seconds (JVM running for 60.369)
2021-01-30 16:21:04.387  INFO 170 --- [main] s.c.a.AnnotationConfigApplicationContext : Refreshing org.springframework.context.annotation.AnnotationConfigApplicationContext@36aa7bc2: startup date [Sat Jan 30 16:21:04 CST 2021]; root of context hierarchy
2021-01-30 16:21:08.397  INFO 170 --- [main] f.a.AutowiredAnnotationBeanPostProcessor : JSR-330 'javax.inject.Inject' annotation found and supported for autowiring
2021-01-30 16:21:08.706  INFO 170 --- [main] trationDelegate$BeanPostProcessorChecker : Bean 'configurationPropertiesRebinderAutoConfiguration' of type [org.springframework.cloud.autoconfigure.ConfigurationPropertiesRebinderAutoConfiguration$$EnhancerBySpringCGLIB$$d2677ffd] is not eligible for getting processed by all BeanPostProcessors (for example: not eligible for auto-proxying)
2021-01-30 16:21:13.487  INFO 170 --- [main] o.a.s.apm.webapp.ApplicationStartUp      : No active profile set, falling back to default profiles: default
2021-01-30 16:21:13.692  INFO 170 --- [main] ationConfigEmbeddedWebApplicationContext : Refreshing org.springframework.boot.context.embedded.AnnotationConfigEmbeddedWebApplicationContext@5e0826e7: startup date [Sat Jan 30 16:21:13 CST 2021]; parent: org.springframework.context.annotation.AnnotationConfigApplicationContext@36aa7bc2
2021-01-30 16:21:20.797  INFO 170 --- [main] o.s.b.f.s.DefaultListableBeanFactory     : Overriding bean definition for bean 'counterFactory' with a different definition: replacing [Root bean: class [null]; scope=; abstract=false; lazyInit=false; autowireMode=3; dependencyCheck=0; autowireCandidate=true; primary=false; factoryBeanName=org.springframework.cloud.netflix.zuul.ZuulServerAutoConfiguration$ZuulMetricsConfiguration; factoryMethodName=counterFactory; initMethodName=null; destroyMethodName=(inferred); defined in class path resource [org/springframework/cloud/netflix/zuul/ZuulServerAutoConfiguration$ZuulMetricsConfiguration.class]] with [Root bean: class [null]; scope=; abstract=false; lazyInit=false; autowireMode=3; dependencyCheck=0; autowireCandidate=true; primary=false; factoryBeanName=org.springframework.cloud.netflix.zuul.ZuulServerAutoConfiguration$ZuulCounterFactoryConfiguration; factoryMethodName=counterFactory; initMethodName=null; destroyMethodName=(inferred); defined in class path resource [org/springframework/cloud/netflix/zuul/ZuulServerAutoConfiguration$ZuulCounterFactoryConfiguration.class]]
2021-01-30 16:21:21.781  INFO 170 --- [main] o.s.cloud.context.scope.GenericScope     : BeanFactory id=5c90c110-a47c-3c99-a38e-b0ff002b7284
2021-01-30 16:21:21.827  INFO 170 --- [main] f.a.AutowiredAnnotationBeanPostProcessor : JSR-330 'javax.inject.Inject' annotation found and supported for autowiring
2021-01-30 16:21:23.112  INFO 170 --- [main] trationDelegate$BeanPostProcessorChecker : Bean 'org.springframework.cloud.netflix.metrics.MetricsInterceptorConfiguration$MetricsRestTemplateConfiguration' of type [org.springframework.cloud.netflix.metrics.MetricsInterceptorConfiguration$MetricsRestTemplateConfiguration$$EnhancerBySpringCGLIB$$e87a2341] is not eligible for getting processed by all BeanPostProcessors (for example: not eligible for auto-proxying)
2021-01-30 16:21:25.704  INFO 170 --- [main] trationDelegate$BeanPostProcessorChecker : Bean 'org.springframework.cloud.autoconfigure.ConfigurationPropertiesRebinderAutoConfiguration' of type [org.springframework.cloud.autoconfigure.ConfigurationPropertiesRebinderAutoConfiguration$$EnhancerBySpringCGLIB$$d2677ffd] is not eligible for getting processed by all BeanPostProcessors (for example: not eligible for auto-proxying)
2021-01-30 16:21:29.402  INFO 170 --- [main] s.b.c.e.t.TomcatEmbeddedServletContainer : Tomcat initialized with port(s): 8080 (http)
2021-01-30 16:21:29.789  INFO 170 --- [main] o.apache.catalina.core.StandardService   : Starting service [Tomcat]
2021-01-30 16:21:29.800  INFO 170 --- [main] org.apache.catalina.core.StandardEngine  : Starting Servlet Engine: Apache Tomcat/8.5.29
2021-01-30 16:21:30.858  INFO 170 --- [localhost-startStop-1] o.a.c.c.C.[Tomcat].[localhost].[/]       : Initializing Spring embedded WebApplicationContext
2021-01-30 16:21:30.860  INFO 170 --- [localhost-startStop-1] o.s.web.context.ContextLoader            : Root WebApplicationContext: initialization completed in 17168 ms
2021-01-30 16:21:33.487  INFO 72 --- [http-nio-8080-exec-1] o.a.c.c.C.[Tomcat].[localhost].[/]       : Initializing Spring FrameworkServlet 'dispatcherServlet'
2021-01-30 16:21:33.489  INFO 72 --- [http-nio-8080-exec-1] o.s.web.servlet.DispatcherServlet        : FrameworkServlet 'dispatcherServlet': initialization started
2021-01-30 16:21:33.895  INFO 72 --- [http-nio-8080-exec-1] o.s.web.servlet.DispatcherServlet        : FrameworkServlet 'dispatcherServlet': initialization completed in 397 ms
2021-01-30 16:21:34.374  INFO 72 --- [http-nio-8080-exec-1] o.s.c.n.zuul.web.ZuulHandlerMapping      : Mapped URL path [/graphql] onto handler of type [class org.springframework.cloud.netflix.zuul.web.ZuulController]
2021-01-30 16:21:34.377  INFO 72 --- [http-nio-8080-exec-1] o.s.c.n.zuul.web.ZuulHandlerMapping      : Mapped URL path [/login/account] onto handler of type [class org.springframework.cloud.netflix.zuul.web.ZuulController]
2021-01-30 16:21:36.428  INFO 170 --- [localhost-startStop-1] o.s.b.w.servlet.ServletRegistrationBean  : Mapping servlet: 'dispatcherServlet' to [/]
2021-01-30 16:21:36.452  INFO 170 --- [localhost-startStop-1] o.s.b.w.servlet.ServletRegistrationBean  : Mapping servlet: 'zuulServlet' to [/zuul/*]
2021-01-30 16:21:36.512  INFO 170 --- [localhost-startStop-1] o.s.b.w.servlet.FilterRegistrationBean   : Mapping filter: 'metricsFilter' to: [/*]
2021-01-30 16:21:36.516  INFO 170 --- [localhost-startStop-1] o.s.b.w.servlet.FilterRegistrationBean   : Mapping filter: 'characterEncodingFilter' to: [/*]
2021-01-30 16:21:36.519  INFO 170 --- [localhost-startStop-1] o.s.b.w.servlet.FilterRegistrationBean   : Mapping filter: 'hiddenHttpMethodFilter' to: [/*]
2021-01-30 16:21:36.520  INFO 170 --- [localhost-startStop-1] o.s.b.w.servlet.FilterRegistrationBean   : Mapping filter: 'httpPutFormContentFilter' to: [/*]
2021-01-30 16:21:36.520  INFO 170 --- [localhost-startStop-1] o.s.b.w.servlet.FilterRegistrationBean   : Mapping filter: 'requestContextFilter' to: [/*]
2021-01-30 16:21:36.521  INFO 170 --- [localhost-startStop-1] o.s.b.w.servlet.FilterRegistrationBean   : Mapping filter: 'webRequestLoggingFilter' to: [/*]
2021-01-30 16:21:36.522  INFO 170 --- [localhost-startStop-1] o.s.b.w.servlet.FilterRegistrationBean   : Mapping filter: 'applicationContextIdFilter' to: [/*]
2021-01-30 16:21:37.150  INFO 72 --- [http-nio-8080-exec-4] s.c.a.AnnotationConfigApplicationContext : Refreshing org.springframework.context.annotation.AnnotationConfigApplicationContext@17afd6a2: startup date [Sat Jan 30 16:21:37 CST 2021]; parent: org.springframework.boot.context.embedded.AnnotationConfigEmbeddedWebApplicationContext@5e0826e7
2021-01-30 16:21:37.930  INFO 72 --- [http-nio-8080-exec-4] f.a.AutowiredAnnotationBeanPostProcessor : JSR-330 'javax.inject.Inject' annotation found and supported for autowiring
2021-01-30 16:21:38.427  WARN 170 --- [main] c.n.c.sources.URLConfigurationSource     : No URLs will be polled as dynamic configuration sources.
2021-01-30 16:21:38.429  INFO 170 --- [main] c.n.c.sources.URLConfigurationSource     : To enable URLs as dynamic configuration sources, define System property archaius.configurationSource.additionalUrls or make config.properties available on classpath.
2021-01-30 16:21:38.718  INFO 170 --- [main] c.netflix.config.DynamicPropertyFactory  : DynamicPropertyFactory is initialized with configuration sources: com.netflix.config.ConcurrentCompositeConfiguration@1fd14d74
2021-01-30 16:21:40.896  INFO 72 --- [http-nio-8080-exec-4] c.netflix.config.ChainedDynamicProperty  : Flipping property: collector.ribbon.ActiveConnectionsLimit to use NEXT property: niws.loadbalancer.availabilityFilteringRule.activeConnectionsLimit = 2147483647
2021-01-30 16:21:41.744  INFO 72 --- [http-nio-8080-exec-4] c.netflix.loadbalancer.BaseLoadBalancer  : Client: collector instantiated a LoadBalancer: DynamicServerListLoadBalancer:{NFLoadBalancer:name=collector,current list of Servers=[],Load balancer stats=Zone stats: {},Server stats: []}ServerList:null
2021-01-30 16:21:41.943  INFO 72 --- [http-nio-8080-exec-4] c.n.l.DynamicServerListLoadBalancer      : Using serverListUpdater PollingServerListUpdater
2021-01-30 16:21:42.369  INFO 72 --- [http-nio-8080-exec-4] c.netflix.config.ChainedDynamicProperty  : Flipping property: collector.ribbon.ActiveConnectionsLimit to use NEXT property: niws.loadbalancer.availabilityFilteringRule.activeConnectionsLimit = 2147483647
2021-01-30 16:21:42.389  INFO 72 --- [http-nio-8080-exec-4] c.n.l.DynamicServerListLoadBalancer      : DynamicServerListLoadBalancer for client collector initialized: DynamicServerListLoadBalancer:{NFLoadBalancer:name=collector,current list of Servers=[127.0.0.1:12800],Load balancer stats=Zone stats: {unknown=[Zone:unknown;	Instance count:1;	Active connections count: 0;	Circuit breaker tripped count: 0;	Active connections per server: 0.0;]
},Server stats: [[Server:127.0.0.1:12800;	Zone:UNKNOWN;	Total Requests:0;	Successive connection failure:0;	Total blackout seconds:0;	Last connection made:Thu Jan 01 08:00:00 CST 1970;	First connection made: Thu Jan 01 08:00:00 CST 1970;	Active Connections:0;	total failure count in last (1000) msecs:0;	average resp time:0.0;	90 percentile resp time:0.0;	95 percentile resp time:0.0;	min resp time:0.0;	max resp time:0.0;	stddev resp time:0.0]
]}ServerList:com.netflix.loadbalancer.ConfigurationBasedServerList@2023c504
2021-01-30 16:21:43.010  INFO 72 --- [PollingServerListUpdater-0] c.netflix.config.ChainedDynamicProperty  : Flipping property: collector.ribbon.ActiveConnectionsLimit to use NEXT property: niws.loadbalancer.availabilityFilteringRule.activeConnectionsLimit = 2147483647
2021-01-30 16:21:43.621  WARN 170 --- [main] o.s.c.n.a.ArchaiusAutoConfiguration      : No spring.application.name found, defaulting to 'application'
2021-01-30 16:21:43.624  WARN 170 --- [main] c.n.c.sources.URLConfigurationSource     : No URLs will be polled as dynamic configuration sources.
2021-01-30 16:21:43.626  INFO 170 --- [main] c.n.c.sources.URLConfigurationSource     : To enable URLs as dynamic configuration sources, define System property archaius.configurationSource.additionalUrls or make config.properties available on classpath.
2021-01-30 16:21:47.629  INFO 170 --- [main] s.w.s.m.m.a.RequestMappingHandlerAdapter : Looking for @ControllerAdvice: org.springframework.boot.context.embedded.AnnotationConfigEmbeddedWebApplicationContext@5e0826e7: startup date [Sat Jan 30 16:21:13 CST 2021]; parent: org.springframework.context.annotation.AnnotationConfigApplicationContext@36aa7bc2
2021-01-30 16:21:50.134  INFO 170 --- [main] s.w.s.m.m.a.RequestMappingHandlerMapping : Mapped "{[/error]}" onto public org.springframework.http.ResponseEntity<java.util.Map<java.lang.String, java.lang.Object>> org.springframework.boot.autoconfigure.web.BasicErrorController.error(javax.servlet.http.HttpServletRequest)
2021-01-30 16:21:50.145  INFO 170 --- [main] s.w.s.m.m.a.RequestMappingHandlerMapping : Mapped "{[/error],produces=[text/html]}" onto public org.springframework.web.servlet.ModelAndView org.springframework.boot.autoconfigure.web.BasicErrorController.errorHtml(javax.servlet.http.HttpServletRequest,javax.servlet.http.HttpServletResponse)
2021-01-30 16:21:52.047  INFO 170 --- [main] o.s.w.s.handler.SimpleUrlHandlerMapping  : Mapped URL path [/index.html] onto handler of type [class org.springframework.web.servlet.resource.ResourceHttpRequestHandler]
2021-01-30 16:21:52.050  INFO 170 --- [main] o.s.w.s.handler.SimpleUrlHandlerMapping  : Mapped URL path [/css/**] onto handler of type [class org.springframework.web.servlet.resource.ResourceHttpRequestHandler]
2021-01-30 16:21:52.051  INFO 170 --- [main] o.s.w.s.handler.SimpleUrlHandlerMapping  : Mapped URL path [/img/**] onto handler of type [class org.springframework.web.servlet.resource.ResourceHttpRequestHandler]
2021-01-30 16:21:52.059  INFO 170 --- [main] o.s.w.s.handler.SimpleUrlHandlerMapping  : Mapped URL path [/js/**] onto handler of type [class org.springframework.web.servlet.resource.ResourceHttpRequestHandler]
2021-01-30 16:21:52.061  INFO 170 --- [main] o.s.w.s.handler.SimpleUrlHandlerMapping  : Mapped URL path [/favicon.ico] onto handler of type [class org.springframework.web.servlet.resource.ResourceHttpRequestHandler]
2021-01-30 16:21:52.061  INFO 170 --- [main] o.s.w.s.handler.SimpleUrlHandlerMapping  : Mapped URL path [/logo.png] onto handler of type [class org.springframework.web.servlet.resource.ResourceHttpRequestHandler]
2021-01-30 16:21:52.179  INFO 170 --- [main] .m.m.a.ExceptionHandlerExceptionResolver : Detected @ExceptionHandler methods in notFoundHandler
2021-01-30 16:21:52.442  INFO 170 --- [main] o.s.w.s.handler.SimpleUrlHandlerMapping  : Mapped URL path [/**/favicon.ico] onto handler of type [class org.springframework.web.servlet.resource.ResourceHttpRequestHandler]
2021-01-30 16:21:52.719  INFO 170 --- [main] oConfiguration$WelcomePageHandlerMapping : Adding welcome page: class path resource [public/index.html]
2021-01-30 16:21:56.039  INFO 170 --- [main] o.s.b.a.e.mvc.EndpointHandlerMapping     : Mapped "{[/manage/env],methods=[POST]}" onto public java.lang.Object org.springframework.cloud.context.environment.EnvironmentManagerMvcEndpoint.value(java.util.Map<java.lang.String, java.lang.String>)
2021-01-30 16:21:56.041  INFO 170 --- [main] o.s.b.a.e.mvc.EndpointHandlerMapping     : Mapped "{[/manage/env/reset],methods=[POST]}" onto public java.util.Map<java.lang.String, java.lang.Object> org.springframework.cloud.context.environment.EnvironmentManagerMvcEndpoint.reset()
2021-01-30 16:21:56.042  INFO 170 --- [main] o.s.b.a.e.mvc.EndpointHandlerMapping     : Mapped "{[/manage/logfile || /manage/logfile.json],methods=[GET || HEAD]}" onto public void org.springframework.boot.actuate.endpoint.mvc.LogFileMvcEndpoint.invoke(javax.servlet.http.HttpServletRequest,javax.servlet.http.HttpServletResponse) throws javax.servlet.ServletException,java.io.IOException
2021-01-30 16:21:56.044  INFO 170 --- [main] o.s.b.a.e.mvc.EndpointHandlerMapping     : Mapped "{[/manage/trace || /manage/trace.json],methods=[GET],produces=[application/vnd.spring-boot.actuator.v1+json || application/json]}" onto public java.lang.Object org.springframework.boot.actuate.endpoint.mvc.EndpointMvcAdapter.invoke()
2021-01-30 16:21:56.045  INFO 170 --- [main] o.s.b.a.e.mvc.EndpointHandlerMapping     : Mapped "{[/manage/beans || /manage/beans.json],methods=[GET],produces=[application/vnd.spring-boot.actuator.v1+json || application/json]}" onto public java.lang.Object org.springframework.boot.actuate.endpoint.mvc.EndpointMvcAdapter.invoke()
2021-01-30 16:21:56.075  INFO 170 --- [main] o.s.b.a.e.mvc.EndpointHandlerMapping     : Mapped "{[/manage/routes || /manage/routes.json],methods=[POST]}" onto public java.lang.Object org.springframework.cloud.netflix.zuul.RoutesMvcEndpoint.reset()
2021-01-30 16:21:56.076  INFO 170 --- [main] o.s.b.a.e.mvc.EndpointHandlerMapping     : Mapped "{[/manage/routes || /manage/routes.json],methods=[GET],params=[format],produces=[application/vnd.spring-boot.actuator.v1+json || application/json]}" onto public java.lang.Object org.springframework.cloud.netflix.zuul.RoutesMvcEndpoint.invokeRouteDetails(java.lang.String)
2021-01-30 16:21:56.077  INFO 170 --- [main] o.s.b.a.e.mvc.EndpointHandlerMapping     : Mapped "{[/manage/routes || /manage/routes.json],methods=[GET],produces=[application/vnd.spring-boot.actuator.v1+json || application/json]}" onto public java.lang.Object org.springframework.boot.actuate.endpoint.mvc.EndpointMvcAdapter.invoke()
2021-01-30 16:21:56.079  INFO 170 --- [main] o.s.b.a.e.mvc.EndpointHandlerMapping     : Mapped "{[/manage/heapdump || /manage/heapdump.json],methods=[GET],produces=[application/octet-stream]}" onto public void org.springframework.boot.actuate.endpoint.mvc.HeapdumpMvcEndpoint.invoke(boolean,javax.servlet.http.HttpServletRequest,javax.servlet.http.HttpServletResponse) throws java.io.IOException,javax.servlet.ServletException
2021-01-30 16:21:56.081  INFO 170 --- [main] o.s.b.a.e.mvc.EndpointHandlerMapping     : Mapped "{[/manage/features || /manage/features.json],methods=[GET],produces=[application/vnd.spring-boot.actuator.v1+json || application/json]}" onto public java.lang.Object org.springframework.boot.actuate.endpoint.mvc.EndpointMvcAdapter.invoke()
2021-01-30 16:21:56.083  INFO 170 --- [main] o.s.b.a.e.mvc.EndpointHandlerMapping     : Mapped "{[/manage/dump || /manage/dump.json],methods=[GET],produces=[application/vnd.spring-boot.actuator.v1+json || application/json]}" onto public java.lang.Object org.springframework.boot.actuate.endpoint.mvc.EndpointMvcAdapter.invoke()
2021-01-30 16:21:56.084  INFO 170 --- [main] o.s.b.a.e.mvc.EndpointHandlerMapping     : Mapped "{[/manage/auditevents || /manage/auditevents.json],methods=[GET],produces=[application/vnd.spring-boot.actuator.v1+json || application/json]}" onto public org.springframework.http.ResponseEntity<?> org.springframework.boot.actuate.endpoint.mvc.AuditEventsMvcEndpoint.findByPrincipalAndAfterAndType(java.lang.String,java.util.Date,java.lang.String)
2021-01-30 16:21:56.088  INFO 170 --- [main] o.s.b.a.e.mvc.EndpointHandlerMapping     : Mapped "{[/manage/mappings || /manage/mappings.json],methods=[GET],produces=[application/vnd.spring-boot.actuator.v1+json || application/json]}" onto public java.lang.Object org.springframework.boot.actuate.endpoint.mvc.EndpointMvcAdapter.invoke()
2021-01-30 16:21:56.090  INFO 170 --- [main] o.s.b.a.e.mvc.EndpointHandlerMapping     : Mapped "{[/manage/health || /manage/health.json],methods=[GET],produces=[application/vnd.spring-boot.actuator.v1+json || application/json]}" onto public java.lang.Object org.springframework.boot.actuate.endpoint.mvc.HealthMvcEndpoint.invoke(javax.servlet.http.HttpServletRequest,java.security.Principal)
2021-01-30 16:21:56.101  INFO 170 --- [main] o.s.b.a.e.mvc.EndpointHandlerMapping     : Mapped "{[/manage/loggers/{name:.*}],methods=[GET],produces=[application/vnd.spring-boot.actuator.v1+json || application/json]}" onto public java.lang.Object org.springframework.boot.actuate.endpoint.mvc.LoggersMvcEndpoint.get(java.lang.String)
2021-01-30 16:21:56.102  INFO 170 --- [main] o.s.b.a.e.mvc.EndpointHandlerMapping     : Mapped "{[/manage/loggers/{name:.*}],methods=[POST],consumes=[application/vnd.spring-boot.actuator.v1+json || application/json],produces=[application/vnd.spring-boot.actuator.v1+json || application/json]}" onto public java.lang.Object org.springframework.boot.actuate.endpoint.mvc.LoggersMvcEndpoint.set(java.lang.String,java.util.Map<java.lang.String, java.lang.String>)
2021-01-30 16:21:56.103  INFO 170 --- [main] o.s.b.a.e.mvc.EndpointHandlerMapping     : Mapped "{[/manage/loggers || /manage/loggers.json],methods=[GET],produces=[application/vnd.spring-boot.actuator.v1+json || application/json]}" onto public java.lang.Object org.springframework.boot.actuate.endpoint.mvc.EndpointMvcAdapter.invoke()
2021-01-30 16:21:56.104  INFO 170 --- [main] o.s.b.a.e.mvc.EndpointHandlerMapping     : Mapped "{[/manage/hystrix.stream/**]}" onto public org.springframework.web.servlet.ModelAndView org.springframework.cloud.netflix.endpoint.ServletWrappingEndpoint.handle(javax.servlet.http.HttpServletRequest,javax.servlet.http.HttpServletResponse) throws java.lang.Exception
2021-01-30 16:21:56.105  INFO 170 --- [main] o.s.b.a.e.mvc.EndpointHandlerMapping     : Mapped "{[/manage/configprops || /manage/configprops.json],methods=[GET],produces=[application/vnd.spring-boot.actuator.v1+json || application/json]}" onto public java.lang.Object org.springframework.boot.actuate.endpoint.mvc.EndpointMvcAdapter.invoke()
2021-01-30 16:21:56.106  INFO 170 --- [main] o.s.b.a.e.mvc.EndpointHandlerMapping     : Mapped "{[/manage/refresh || /manage/refresh.json],methods=[POST]}" onto public java.lang.Object org.springframework.cloud.endpoint.GenericPostableMvcEndpoint.invoke()
2021-01-30 16:21:56.108  INFO 170 --- [main] o.s.b.a.e.mvc.EndpointHandlerMapping     : Mapped "{[/manage/info || /manage/info.json],methods=[GET],produces=[application/vnd.spring-boot.actuator.v1+json || application/json]}" onto public java.lang.Object org.springframework.boot.actuate.endpoint.mvc.EndpointMvcAdapter.invoke()
2021-01-30 16:21:56.109  INFO 170 --- [main] o.s.b.a.e.mvc.EndpointHandlerMapping     : Mapped "{[/manage/archaius || /manage/archaius.json],methods=[GET],produces=[application/vnd.spring-boot.actuator.v1+json || application/json]}" onto public java.lang.Object org.springframework.boot.actuate.endpoint.mvc.EndpointMvcAdapter.invoke()
2021-01-30 16:21:56.110  INFO 170 --- [main] o.s.b.a.e.mvc.EndpointHandlerMapping     : Mapped "{[/manage/env/{name:.*}],methods=[GET],produces=[application/vnd.spring-boot.actuator.v1+json || application/json]}" onto public java.lang.Object org.springframework.boot.actuate.endpoint.mvc.EnvironmentMvcEndpoint.value(java.lang.String)
2021-01-30 16:21:56.111  INFO 170 --- [main] o.s.b.a.e.mvc.EndpointHandlerMapping     : Mapped "{[/manage/env || /manage/env.json],methods=[GET],produces=[application/vnd.spring-boot.actuator.v1+json || application/json]}" onto public java.lang.Object org.springframework.boot.actuate.endpoint.mvc.EndpointMvcAdapter.invoke()
2021-01-30 16:21:56.112  INFO 170 --- [main] o.s.b.a.e.mvc.EndpointHandlerMapping     : Mapped "{[/manage/metrics/{name:.*}],methods=[GET],produces=[application/vnd.spring-boot.actuator.v1+json || application/json]}" onto public java.lang.Object org.springframework.boot.actuate.endpoint.mvc.MetricsMvcEndpoint.value(java.lang.String)
2021-01-30 16:21:56.116  INFO 170 --- [main] o.s.b.a.e.mvc.EndpointHandlerMapping     : Mapped "{[/manage/metrics || /manage/metrics.json],methods=[GET],produces=[application/vnd.spring-boot.actuator.v1+json || application/json]}" onto public java.lang.Object org.springframework.boot.actuate.endpoint.mvc.EndpointMvcAdapter.invoke()
2021-01-30 16:21:56.116  INFO 170 --- [main] o.s.b.a.e.mvc.EndpointHandlerMapping     : Mapped "{[/manage/autoconfig || /manage/autoconfig.json],methods=[GET],produces=[application/vnd.spring-boot.actuator.v1+json || application/json]}" onto public java.lang.Object org.springframework.boot.actuate.endpoint.mvc.EndpointMvcAdapter.invoke()
2021-01-30 16:21:56.118  INFO 170 --- [main] o.s.b.a.e.mvc.EndpointHandlerMapping     : Mapped "{[/manage/filters || /manage/filters.json],methods=[GET],produces=[application/vnd.spring-boot.actuator.v1+json || application/json]}" onto public java.lang.Object org.springframework.boot.actuate.endpoint.mvc.EndpointMvcAdapter.invoke()
2021-01-30 16:22:00.532  INFO 170 --- [main] o.s.c.n.zuul.ZuulFilterInitializer       : Starting filter initializer
2021-01-30 16:22:00.797  INFO 170 --- [main] o.s.j.e.a.AnnotationMBeanExporter        : Registering beans for JMX exposure on startup
2021-01-30 16:22:00.873  INFO 170 --- [main] o.s.j.e.a.AnnotationMBeanExporter        : Bean with name 'configurationPropertiesRebinder' has been autodetected for JMX exposure
2021-01-30 16:22:00.874  INFO 170 --- [main] o.s.j.e.a.AnnotationMBeanExporter        : Bean with name 'environmentManager' has been autodetected for JMX exposure
2021-01-30 16:22:00.875  INFO 170 --- [main] o.s.j.e.a.AnnotationMBeanExporter        : Bean with name 'refreshEndpoint' has been autodetected for JMX exposure
2021-01-30 16:22:00.880  INFO 170 --- [main] o.s.j.e.a.AnnotationMBeanExporter        : Bean with name 'routesEndpoint' has been autodetected for JMX exposure
2021-01-30 16:22:00.881  INFO 170 --- [main] o.s.j.e.a.AnnotationMBeanExporter        : Bean with name 'routesMvcEndpoint' has been autodetected for JMX exposure
2021-01-30 16:22:00.884  INFO 170 --- [main] o.s.j.e.a.AnnotationMBeanExporter        : Bean with name 'filtersEndpoint' has been autodetected for JMX exposure
2021-01-30 16:22:00.885  INFO 170 --- [main] o.s.j.e.a.AnnotationMBeanExporter        : Bean with name 'refreshScope' has been autodetected for JMX exposure
2021-01-30 16:22:00.908  INFO 170 --- [main] o.s.j.e.a.AnnotationMBeanExporter        : Located managed bean 'environmentManager': registering with JMX server as MBean [org.springframework.cloud.context.environment:name=environmentManager,type=EnvironmentManager]
2021-01-30 16:22:01.031  INFO 170 --- [main] o.s.j.e.a.AnnotationMBeanExporter        : Located managed bean 'routesEndpoint': registering with JMX server as MBean [org.springframework.cloud.netflix.zuul:name=routesEndpoint,type=RoutesEndpoint]
2021-01-30 16:22:01.052  WARN 170 --- [main] o.s.j.e.a.AnnotationMBeanExporter        : Bean with key 'routesEndpoint' has been registered as an MBean but has no exposed attributes or operations
2021-01-30 16:22:01.054  INFO 170 --- [main] o.s.j.e.a.AnnotationMBeanExporter        : Located managed bean 'routesMvcEndpoint': registering with JMX server as MBean [org.springframework.cloud.netflix.zuul:name=routesMvcEndpoint,type=RoutesMvcEndpoint]
2021-01-30 16:22:01.081  INFO 170 --- [main] o.s.j.e.a.AnnotationMBeanExporter        : Located managed bean 'filtersEndpoint': registering with JMX server as MBean [org.springframework.cloud.netflix.zuul:name=filtersEndpoint,type=FiltersEndpoint]
2021-01-30 16:22:01.093  WARN 170 --- [main] o.s.j.e.a.AnnotationMBeanExporter        : Bean with key 'filtersEndpoint' has been registered as an MBean but has no exposed attributes or operations
2021-01-30 16:22:01.095  INFO 170 --- [main] o.s.j.e.a.AnnotationMBeanExporter        : Located managed bean 'refreshScope': registering with JMX server as MBean [org.springframework.cloud.context.scope.refresh:name=refreshScope,type=RefreshScope]
2021-01-30 16:22:01.137  INFO 170 --- [main] o.s.j.e.a.AnnotationMBeanExporter        : Located managed bean 'configurationPropertiesRebinder': registering with JMX server as MBean [org.springframework.cloud.context.properties:name=configurationPropertiesRebinder,context=5e0826e7,type=ConfigurationPropertiesRebinder]
2021-01-30 16:22:01.169  INFO 170 --- [main] o.s.j.e.a.AnnotationMBeanExporter        : Located managed bean 'refreshEndpoint': registering with JMX server as MBean [org.springframework.cloud.endpoint:name=refreshEndpoint,type=RefreshEndpoint]
2021-01-30 16:22:01.323  INFO 170 --- [main] o.s.c.support.DefaultLifecycleProcessor  : Starting beans in phase 0
2021-01-30 16:22:01.426  INFO 170 --- [main] o.s.c.support.DefaultLifecycleProcessor  : Starting beans in phase 2147483647
2021-01-30 16:22:01.503  INFO 170 --- [main] ration$HystrixMetricsPollerConfiguration : Starting poller
2021-01-30 16:22:01.698 ERROR 170 --- [main] o.apache.catalina.core.StandardService   : Failed to start connector [Connector[HTTP/1.1-8080]]

org.apache.catalina.LifecycleException: Failed to start component [Connector[HTTP/1.1-8080]]
	at org.apache.catalina.util.LifecycleBase.start(LifecycleBase.java:167)
	at org.apache.catalina.core.StandardService.addConnector(StandardService.java:225)
	at org.springframework.boot.context.embedded.tomcat.TomcatEmbeddedServletContainer.addPreviouslyRemovedConnectors(TomcatEmbeddedServletContainer.java:265)
	at org.springframework.boot.context.embedded.tomcat.TomcatEmbeddedServletContainer.start(TomcatEmbeddedServletContainer.java:208)
	at org.springframework.boot.context.embedded.EmbeddedWebApplicationContext.startEmbeddedServletContainer(EmbeddedWebApplicationContext.java:297)
	at org.springframework.boot.context.embedded.EmbeddedWebApplicationContext.finishRefresh(EmbeddedWebApplicationContext.java:145)
	at org.springframework.context.support.AbstractApplicationContext.refresh(AbstractApplicationContext.java:546)
	at org.springframework.boot.context.embedded.EmbeddedWebApplicationContext.refresh(EmbeddedWebApplicationContext.java:122)
	at org.springframework.boot.SpringApplication.refresh(SpringApplication.java:693)
	at org.springframework.boot.SpringApplication.refreshContext(SpringApplication.java:360)
	at org.springframework.boot.SpringApplication.run(SpringApplication.java:303)
	at org.springframework.boot.SpringApplication.run(SpringApplication.java:1118)
	at org.springframework.boot.SpringApplication.run(SpringApplication.java:1107)
	at org.apache.skywalking.apm.webapp.ApplicationStartUp.main(ApplicationStartUp.java:31)
	at sun.reflect.NativeMethodAccessorImpl.invoke0(Native Method)
	at sun.reflect.NativeMethodAccessorImpl.invoke(NativeMethodAccessorImpl.java:62)
	at sun.reflect.DelegatingMethodAccessorImpl.invoke(DelegatingMethodAccessorImpl.java:43)
	at java.lang.reflect.Method.invoke(Method.java:498)
	at org.springframework.boot.loader.MainMethodRunner.run(MainMethodRunner.java:48)
	at org.springframework.boot.loader.Launcher.launch(Launcher.java:87)
	at org.springframework.boot.loader.Launcher.launch(Launcher.java:50)
	at org.springframework.boot.loader.JarLauncher.main(JarLauncher.java:51)
Caused by: org.apache.catalina.LifecycleException: Protocol handler start failed
	at org.apache.catalina.connector.Connector.startInternal(Connector.java:1020)
	at org.apache.catalina.util.LifecycleBase.start(LifecycleBase.java:150)
	... 21 common frames omitted
Caused by: java.net.BindException: Address already in use
	at sun.nio.ch.Net.bind0(Native Method)
	at sun.nio.ch.Net.bind(Net.java:433)
	at sun.nio.ch.Net.bind(Net.java:425)
	at sun.nio.ch.ServerSocketChannelImpl.bind(ServerSocketChannelImpl.java:223)
	at sun.nio.ch.ServerSocketAdaptor.bind(ServerSocketAdaptor.java:74)
	at org.apache.tomcat.util.net.NioEndpoint.bind(NioEndpoint.java:210)
	at org.apache.tomcat.util.net.AbstractEndpoint.start(AbstractEndpoint.java:1150)
	at org.apache.coyote.AbstractProtocol.start(AbstractProtocol.java:591)
	at org.apache.catalina.connector.Connector.startInternal(Connector.java:1018)
	... 22 common frames omitted

2021-01-30 16:22:01.733  INFO 170 --- [main] o.apache.catalina.core.StandardService   : Stopping service [Tomcat]
2021-01-30 16:22:01.788  WARN 170 --- [localhost-startStop-2] o.a.c.loader.WebappClassLoaderBase       : The web application [ROOT] appears to have started a thread named [spring.cloud.inetutils] but has failed to stop it. This is very likely to create a memory leak. Stack trace of thread:
 sun.misc.Unsafe.park(Native Method)
 java.util.concurrent.locks.LockSupport.park(LockSupport.java:175)
 java.util.concurrent.locks.AbstractQueuedSynchronizer$ConditionObject.await(AbstractQueuedSynchronizer.java:2039)
 java.util.concurrent.LinkedBlockingQueue.take(LinkedBlockingQueue.java:442)
 java.util.concurrent.ThreadPoolExecutor.getTask(ThreadPoolExecutor.java:1074)
 java.util.concurrent.ThreadPoolExecutor.runWorker(ThreadPoolExecutor.java:1134)
 java.util.concurrent.ThreadPoolExecutor$Worker.run(ThreadPoolExecutor.java:624)
 java.lang.Thread.run(Thread.java:748)
2021-01-30 16:22:01.848  INFO 170 --- [main] utoConfigurationReportLoggingInitializer : 

Error starting ApplicationContext. To display the auto-configuration report re-run your application with 'debug' enabled.
2021-01-30 16:22:01.924 ERROR 170 --- [main] o.s.b.d.LoggingFailureAnalysisReporter   : 

***************************
APPLICATION FAILED TO START
***************************

Description:

The Tomcat connector configured to listen on port 8080 failed to start. The port may already be in use or the connector may be misconfigured.

Action:

Verify the connector's configuration, identify and stop any process that's listening on port 8080, or configure this application to listen on another port.

2021-01-30 16:22:01.939  INFO 170 --- [main] ationConfigEmbeddedWebApplicationContext : Closing org.springframework.boot.context.embedded.AnnotationConfigEmbeddedWebApplicationContext@5e0826e7: startup date [Sat Jan 30 16:21:13 CST 2021]; parent: org.springframework.context.annotation.AnnotationConfigApplicationContext@36aa7bc2
2021-01-30 16:22:01.944  INFO 170 --- [main] o.s.c.support.DefaultLifecycleProcessor  : Stopping beans in phase 2147483647
2021-01-30 16:22:01.952  INFO 170 --- [main] o.s.c.support.DefaultLifecycleProcessor  : Stopping beans in phase 0
2021-01-30 16:22:01.954  INFO 170 --- [main] o.s.c.n.zuul.ZuulFilterInitializer       : Stopping filter initializer
2021-01-30 16:22:01.965  INFO 170 --- [main] o.s.j.e.a.AnnotationMBeanExporter        : Unregistering JMX-exposed beans on shutdown
2021-01-30 16:22:01.966  INFO 170 --- [main] o.s.j.e.a.AnnotationMBeanExporter        : Unregistering JMX-exposed beans
2021-01-30 16:22:02.183  WARN 170 --- [main] c.n.c.sources.URLConfigurationSource     : No URLs will be polled as dynamic configuration sources.
2021-01-30 16:22:02.183  INFO 170 --- [main] c.n.c.sources.URLConfigurationSource     : To enable URLs as dynamic configuration sources, define System property archaius.configurationSource.additionalUrls or make config.properties available on classpath.
