[2020-01-21 10:39:17,834] INFO Reading configuration from: config/zookeeper.properties (org.apache.zookeeper.server.quorum.QuorumPeerConfig)
[2020-01-21 10:39:17,837] WARN config/zookeeper.properties is relative. Prepend ./ to indicate that you're sure! (org.apache.zookeeper.server.quorum.QuorumPeerConfig)
[2020-01-21 10:39:17,844] INFO clientPortAddress is 0.0.0.0/0.0.0.0:2181 (org.apache.zookeeper.server.quorum.QuorumPeerConfig)
[2020-01-21 10:39:17,844] INFO secureClientPort is not set (org.apache.zookeeper.server.quorum.QuorumPeerConfig)
[2020-01-21 10:39:17,848] INFO autopurge.snapRetainCount set to 3 (org.apache.zookeeper.server.DatadirCleanupManager)
[2020-01-21 10:39:17,848] INFO autopurge.purgeInterval set to 0 (org.apache.zookeeper.server.DatadirCleanupManager)
[2020-01-21 10:39:17,848] INFO Purge task is not scheduled. (org.apache.zookeeper.server.DatadirCleanupManager)
[2020-01-21 10:39:17,848] WARN Either no config or no quorum defined in config, running  in standalone mode (org.apache.zookeeper.server.quorum.QuorumPeerMain)
[2020-01-21 10:39:17,849] INFO Log4j found with jmx enabled. (org.apache.zookeeper.jmx.ManagedUtil)
[2020-01-21 10:39:17,861] INFO Reading configuration from: config/zookeeper.properties (org.apache.zookeeper.server.quorum.QuorumPeerConfig)
[2020-01-21 10:39:17,861] WARN config/zookeeper.properties is relative. Prepend ./ to indicate that you're sure! (org.apache.zookeeper.server.quorum.QuorumPeerConfig)
[2020-01-21 10:39:17,863] INFO clientPortAddress is 0.0.0.0/0.0.0.0:2181 (org.apache.zookeeper.server.quorum.QuorumPeerConfig)
[2020-01-21 10:39:17,863] INFO secureClientPort is not set (org.apache.zookeeper.server.quorum.QuorumPeerConfig)
[2020-01-21 10:39:17,863] INFO Starting server (org.apache.zookeeper.server.ZooKeeperServerMain)
[2020-01-21 10:39:17,867] INFO zookeeper.snapshot.trust.empty : false (org.apache.zookeeper.server.persistence.FileTxnSnapLog)
[2020-01-21 10:39:17,883] INFO Server environment:zookeeper.version=3.5.6-c11b7e26bc554b8523dc929761dd28808913f091, built on 10/08/2019 20:18 GMT (org.apache.zookeeper.server.ZooKeeperServer)
[2020-01-21 10:39:17,883] INFO Server environment:host.name=772727e1ac95 (org.apache.zookeeper.server.ZooKeeperServer)
[2020-01-21 10:39:17,883] INFO Server environment:java.version=1.8.0_221 (org.apache.zookeeper.server.ZooKeeperServer)
[2020-01-21 10:39:17,883] INFO Server environment:java.vendor=Oracle Corporation (org.apache.zookeeper.server.ZooKeeperServer)
[2020-01-21 10:39:17,883] INFO Server environment:java.home=/opt/case/usersoft/jdk1.8.0_221/jre (org.apache.zookeeper.server.ZooKeeperServer)
[2020-01-21 10:39:17,884] INFO Server environment:java.class.path=/opt/case/usersoft/kafka_2.12-2.4.0/bin/../libs/activation-1.1.1.jar:/opt/case/usersoft/kafka_2.12-2.4.0/bin/../libs/aopalliance-repackaged-2.5.0.jar:/opt/case/usersoft/kafka_2.12-2.4.0/bin/../libs/argparse4j-0.7.0.jar:/opt/case/usersoft/kafka_2.12-2.4.0/bin/../libs/audience-annotations-0.5.0.jar:/opt/case/usersoft/kafka_2.12-2.4.0/bin/../libs/commons-cli-1.4.jar:/opt/case/usersoft/kafka_2.12-2.4.0/bin/../libs/commons-lang3-3.8.1.jar:/opt/case/usersoft/kafka_2.12-2.4.0/bin/../libs/connect-api-2.4.0.jar:/opt/case/usersoft/kafka_2.12-2.4.0/bin/../libs/connect-basic-auth-extension-2.4.0.jar:/opt/case/usersoft/kafka_2.12-2.4.0/bin/../libs/connect-file-2.4.0.jar:/opt/case/usersoft/kafka_2.12-2.4.0/bin/../libs/connect-json-2.4.0.jar:/opt/case/usersoft/kafka_2.12-2.4.0/bin/../libs/connect-mirror-2.4.0.jar:/opt/case/usersoft/kafka_2.12-2.4.0/bin/../libs/connect-mirror-client-2.4.0.jar:/opt/case/usersoft/kafka_2.12-2.4.0/bin/../libs/connect-runtime-2.4.0.jar:/opt/case/usersoft/kafka_2.12-2.4.0/bin/../libs/connect-transforms-2.4.0.jar:/opt/case/usersoft/kafka_2.12-2.4.0/bin/../libs/guava-20.0.jar:/opt/case/usersoft/kafka_2.12-2.4.0/bin/../libs/hk2-api-2.5.0.jar:/opt/case/usersoft/kafka_2.12-2.4.0/bin/../libs/hk2-locator-2.5.0.jar:/opt/case/usersoft/kafka_2.12-2.4.0/bin/../libs/hk2-utils-2.5.0.jar:/opt/case/usersoft/kafka_2.12-2.4.0/bin/../libs/jackson-annotations-2.10.0.jar:/opt/case/usersoft/kafka_2.12-2.4.0/bin/../libs/jackson-core-2.10.0.jar:/opt/case/usersoft/kafka_2.12-2.4.0/bin/../libs/jackson-databind-2.10.0.jar:/opt/case/usersoft/kafka_2.12-2.4.0/bin/../libs/jackson-dataformat-csv-2.10.0.jar:/opt/case/usersoft/kafka_2.12-2.4.0/bin/../libs/jackson-datatype-jdk8-2.10.0.jar:/opt/case/usersoft/kafka_2.12-2.4.0/bin/../libs/jackson-jaxrs-base-2.10.0.jar:/opt/case/usersoft/kafka_2.12-2.4.0/bin/../libs/jackson-jaxrs-json-provider-2.10.0.jar:/opt/case/usersoft/kafka_2.12-2.4.0/bin/../libs/jackson-module-jaxb-annotations-2.10.0.jar:/opt/case/usersoft/kafka_2.12-2.4.0/bin/../libs/jackson-module-paranamer-2.10.0.jar:/opt/case/usersoft/kafka_2.12-2.4.0/bin/../libs/jackson-module-scala_2.12-2.10.0.jar:/opt/case/usersoft/kafka_2.12-2.4.0/bin/../libs/jakarta.activation-api-1.2.1.jar:/opt/case/usersoft/kafka_2.12-2.4.0/bin/../libs/jakarta.annotation-api-1.3.4.jar:/opt/case/usersoft/kafka_2.12-2.4.0/bin/../libs/jakarta.inject-2.5.0.jar:/opt/case/usersoft/kafka_2.12-2.4.0/bin/../libs/jakarta.ws.rs-api-2.1.5.jar:/opt/case/usersoft/kafka_2.12-2.4.0/bin/../libs/jakarta.xml.bind-api-2.3.2.jar:/opt/case/usersoft/kafka_2.12-2.4.0/bin/../libs/javassist-3.22.0-CR2.jar:/opt/case/usersoft/kafka_2.12-2.4.0/bin/../libs/javax.servlet-api-3.1.0.jar:/opt/case/usersoft/kafka_2.12-2.4.0/bin/../libs/javax.ws.rs-api-2.1.1.jar:/opt/case/usersoft/kafka_2.12-2.4.0/bin/../libs/jaxb-api-2.3.0.jar:/opt/case/usersoft/kafka_2.12-2.4.0/bin/../libs/jersey-client-2.28.jar:/opt/case/usersoft/kafka_2.12-2.4.0/bin/../libs/jersey-common-2.28.jar:/opt/case/usersoft/kafka_2.12-2.4.0/bin/../libs/jersey-container-servlet-2.28.jar:/opt/case/usersoft/kafka_2.12-2.4.0/bin/../libs/jersey-container-servlet-core-2.28.jar:/opt/case/usersoft/kafka_2.12-2.4.0/bin/../libs/jersey-hk2-2.28.jar:/opt/case/usersoft/kafka_2.12-2.4.0/bin/../libs/jersey-media-jaxb-2.28.jar:/opt/case/usersoft/kafka_2.12-2.4.0/bin/../libs/jersey-server-2.28.jar:/opt/case/usersoft/kafka_2.12-2.4.0/bin/../libs/jetty-client-9.4.20.v20190813.jar:/opt/case/usersoft/kafka_2.12-2.4.0/bin/../libs/jetty-continuation-9.4.20.v20190813.jar:/opt/case/usersoft/kafka_2.12-2.4.0/bin/../libs/jetty-http-9.4.20.v20190813.jar:/opt/case/usersoft/kafka_2.12-2.4.0/bin/../libs/jetty-io-9.4.20.v20190813.jar:/opt/case/usersoft/kafka_2.12-2.4.0/bin/../libs/jetty-security-9.4.20.v20190813.jar:/opt/case/usersoft/kafka_2.12-2.4.0/bin/../libs/jetty-server-9.4.20.v20190813.jar:/opt/case/usersoft/kafka_2.12-2.4.0/bin/../libs/jetty-servlet-9.4.20.v20190813.jar:/opt/case/usersoft/kafka_2.12-2.4.0/bin/../libs/jetty-servlets-9.4.20.v20190813.jar:/opt/case/usersoft/kafka_2.12-2.4.0/bin/../libs/jetty-util-9.4.20.v20190813.jar:/opt/case/usersoft/kafka_2.12-2.4.0/bin/../libs/jopt-simple-5.0.4.jar:/opt/case/usersoft/kafka_2.12-2.4.0/bin/../libs/kafka_2.12-2.4.0.jar:/opt/case/usersoft/kafka_2.12-2.4.0/bin/../libs/kafka_2.12-2.4.0-sources.jar:/opt/case/usersoft/kafka_2.12-2.4.0/bin/../libs/kafka-clients-2.4.0.jar:/opt/case/usersoft/kafka_2.12-2.4.0/bin/../libs/kafka-log4j-appender-2.4.0.jar:/opt/case/usersoft/kafka_2.12-2.4.0/bin/../libs/kafka-streams-2.4.0.jar:/opt/case/usersoft/kafka_2.12-2.4.0/bin/../libs/kafka-streams-examples-2.4.0.jar:/opt/case/usersoft/kafka_2.12-2.4.0/bin/../libs/kafka-streams-scala_2.12-2.4.0.jar:/opt/case/usersoft/kafka_2.12-2.4.0/bin/../libs/kafka-streams-test-utils-2.4.0.jar:/opt/case/usersoft/kafka_2.12-2.4.0/bin/../libs/kafka-tools-2.4.0.jar:/opt/case/usersoft/kafka_2.12-2.4.0/bin/../libs/log4j-1.2.17.jar:/opt/case/usersoft/kafka_2.12-2.4.0/bin/../libs/lz4-java-1.6.0.jar:/opt/case/usersoft/kafka_2.12-2.4.0/bin/../libs/maven-artifact-3.6.1.jar:/opt/case/usersoft/kafka_2.12-2.4.0/bin/../libs/metrics-core-2.2.0.jar:/opt/case/usersoft/kafka_2.12-2.4.0/bin/../libs/netty-buffer-4.1.42.Final.jar:/opt/case/usersoft/kafka_2.12-2.4.0/bin/../libs/netty-codec-4.1.42.Final.jar:/opt/case/usersoft/kafka_2.12-2.4.0/bin/../libs/netty-common-4.1.42.Final.jar:/opt/case/usersoft/kafka_2.12-2.4.0/bin/../libs/netty-handler-4.1.42.Final.jar:/opt/case/usersoft/kafka_2.12-2.4.0/bin/../libs/netty-resolver-4.1.42.Final.jar:/opt/case/usersoft/kafka_2.12-2.4.0/bin/../libs/netty-transport-4.1.42.Final.jar:/opt/case/usersoft/kafka_2.12-2.4.0/bin/../libs/netty-transport-native-epoll-4.1.42.Final.jar:/opt/case/usersoft/kafka_2.12-2.4.0/bin/../libs/netty-transport-native-unix-common-4.1.42.Final.jar:/opt/case/usersoft/kafka_2.12-2.4.0/bin/../libs/osgi-resource-locator-1.0.1.jar:/opt/case/usersoft/kafka_2.12-2.4.0/bin/../libs/paranamer-2.8.jar:/opt/case/usersoft/kafka_2.12-2.4.0/bin/../libs/plexus-utils-3.2.0.jar:/opt/case/usersoft/kafka_2.12-2.4.0/bin/../libs/reflections-0.9.11.jar:/opt/case/usersoft/kafka_2.12-2.4.0/bin/../libs/rocksdbjni-5.18.3.jar:/opt/case/usersoft/kafka_2.12-2.4.0/bin/../libs/scala-collection-compat_2.12-2.1.2.jar:/opt/case/usersoft/kafka_2.12-2.4.0/bin/../libs/scala-java8-compat_2.12-0.9.0.jar:/opt/case/usersoft/kafka_2.12-2.4.0/bin/../libs/scala-library-2.12.10.jar:/opt/case/usersoft/kafka_2.12-2.4.0/bin/../libs/scala-logging_2.12-3.9.2.jar:/opt/case/usersoft/kafka_2.12-2.4.0/bin/../libs/scala-reflect-2.12.10.jar:/opt/case/usersoft/kafka_2.12-2.4.0/bin/../libs/slf4j-api-1.7.28.jar:/opt/case/usersoft/kafka_2.12-2.4.0/bin/../libs/slf4j-log4j12-1.7.28.jar:/opt/case/usersoft/kafka_2.12-2.4.0/bin/../libs/snappy-java-1.1.7.3.jar:/opt/case/usersoft/kafka_2.12-2.4.0/bin/../libs/validation-api-2.0.1.Final.jar:/opt/case/usersoft/kafka_2.12-2.4.0/bin/../libs/zookeeper-3.5.6.jar:/opt/case/usersoft/kafka_2.12-2.4.0/bin/../libs/zookeeper-jute-3.5.6.jar:/opt/case/usersoft/kafka_2.12-2.4.0/bin/../libs/zstd-jni-1.4.3-1.jar (org.apache.zookeeper.server.ZooKeeperServer)
[2020-01-21 10:39:17,884] INFO Server environment:java.library.path=/usr/java/packages/lib/amd64:/usr/lib64:/lib64:/lib:/usr/lib (org.apache.zookeeper.server.ZooKeeperServer)
[2020-01-21 10:39:17,884] INFO Server environment:java.io.tmpdir=/tmp (org.apache.zookeeper.server.ZooKeeperServer)
[2020-01-21 10:39:17,884] INFO Server environment:java.compiler=<NA> (org.apache.zookeeper.server.ZooKeeperServer)
[2020-01-21 10:39:17,884] INFO Server environment:os.name=Linux (org.apache.zookeeper.server.ZooKeeperServer)
[2020-01-21 10:39:17,884] INFO Server environment:os.arch=amd64 (org.apache.zookeeper.server.ZooKeeperServer)
[2020-01-21 10:39:17,884] INFO Server environment:os.version=4.9.125-linuxkit (org.apache.zookeeper.server.ZooKeeperServer)
[2020-01-21 10:39:17,884] INFO Server environment:user.name=root (org.apache.zookeeper.server.ZooKeeperServer)
[2020-01-21 10:39:17,884] INFO Server environment:user.home=/root (org.apache.zookeeper.server.ZooKeeperServer)
[2020-01-21 10:39:17,884] INFO Server environment:user.dir=/opt/case/usersoft/kafka_2.12-2.4.0 (org.apache.zookeeper.server.ZooKeeperServer)
[2020-01-21 10:39:17,885] INFO Server environment:os.memory.free=498MB (org.apache.zookeeper.server.ZooKeeperServer)
[2020-01-21 10:39:17,885] INFO Server environment:os.memory.max=512MB (org.apache.zookeeper.server.ZooKeeperServer)
[2020-01-21 10:39:17,885] INFO Server environment:os.memory.total=512MB (org.apache.zookeeper.server.ZooKeeperServer)
[2020-01-21 10:39:17,886] INFO minSessionTimeout set to 6000 (org.apache.zookeeper.server.ZooKeeperServer)
[2020-01-21 10:39:17,886] INFO maxSessionTimeout set to 60000 (org.apache.zookeeper.server.ZooKeeperServer)
[2020-01-21 10:39:17,886] INFO Created server with tickTime 3000 minSessionTimeout 6000 maxSessionTimeout 60000 datadir /tmp/zookeeper/version-2 snapdir /tmp/zookeeper/version-2 (org.apache.zookeeper.server.ZooKeeperServer)
[2020-01-21 10:39:17,903] INFO Using org.apache.zookeeper.server.NIOServerCnxnFactory as server connection factory (org.apache.zookeeper.server.ServerCnxnFactory)
[2020-01-21 10:39:17,907] INFO Configuring NIO connection handler with 10s sessionless connection timeout, 1 selector thread(s), 4 worker threads, and 64 kB direct buffers. (org.apache.zookeeper.server.NIOServerCnxnFactory)
[2020-01-21 10:39:17,915] INFO binding to port 0.0.0.0/0.0.0.0:2181 (org.apache.zookeeper.server.NIOServerCnxnFactory)
[2020-01-21 10:39:17,939] INFO zookeeper.snapshotSizeFactor = 0.33 (org.apache.zookeeper.server.ZKDatabase)
[2020-01-21 10:39:17,942] INFO Snapshotting: 0x0 to /tmp/zookeeper/version-2/snapshot.0 (org.apache.zookeeper.server.persistence.FileTxnSnapLog)
[2020-01-21 10:39:17,945] INFO Snapshotting: 0x0 to /tmp/zookeeper/version-2/snapshot.0 (org.apache.zookeeper.server.persistence.FileTxnSnapLog)
[2020-01-21 10:39:17,979] INFO Using checkIntervalMs=60000 maxPerMinute=10000 (org.apache.zookeeper.server.ContainerManager)
[2020-01-21 10:39:38,518] INFO Creating new log file: log.1 (org.apache.zookeeper.server.persistence.FileTxnLog)
[2020-01-21 10:40:28,830] WARN Exception causing close of session 0x0: null (org.apache.zookeeper.server.NIOServerCnxn)
[2020-01-21 10:40:34,829] WARN Unable to read additional data from client sessionid 0x0, likely client has closed socket (org.apache.zookeeper.server.NIOServerCnxn)
[2020-01-21 10:40:48,836] WARN Exception causing close of session 0x0: null (org.apache.zookeeper.server.NIOServerCnxn)
[2020-01-21 10:40:54,840] WARN Unable to read additional data from client sessionid 0x0, likely client has closed socket (org.apache.zookeeper.server.NIOServerCnxn)
[2020-01-21 10:56:23,343] INFO Expiring session 0x100012bef8c0000, timeout of 6000ms exceeded (org.apache.zookeeper.server.ZooKeeperServer)
[2020-01-21 10:56:24,293] INFO Invalid session 0x100012bef8c0000 for client /127.0.0.1:56308, probably expired (org.apache.zookeeper.server.ZooKeeperServer)
[2020-01-21 13:57:36,220] INFO Expiring session 0x100012bef8c0007, timeout of 6000ms exceeded (org.apache.zookeeper.server.ZooKeeperServer)
log4j:ERROR Failed to rename [/opt/case/usersoft/kafka_2.12-2.4.0/bin/../logs/server.log] to [/opt/case/usersoft/kafka_2.12-2.4.0/bin/../logs/server.log.2020-01-21-10].
[2020-01-21 13:57:38,738] INFO Invalid session 0x100012bef8c0007 for client /127.0.0.1:56314, probably expired (org.apache.zookeeper.server.ZooKeeperServer)
