This file contains any messages produced by compilers while
running configure, to aid debugging if configure makes a mistake.

It was created by configure, which was
generated by GNU Autoconf 2.63.  Invocation command line was

  $ ./configure --with-php-config=/opt/app/php7/bin/php-config --with-librabbitmq-dir=/usr/local/rabbitmq-c-0.7.1

## --------- ##
## Platform. ##
## --------- ##

hostname = 997aa5b72b41
uname -m = x86_64
uname -r = 4.9.125-linuxkit
uname -s = Linux
uname -v = #1 SMP Fri Sep 7 08:20:28 UTC 2018

/usr/bin/uname -p = unknown
/bin/uname -X     = unknown

/bin/arch              = x86_64
/usr/bin/arch -k       = unknown
/usr/convex/getsysinfo = unknown
/usr/bin/hostinfo      = unknown
/bin/machine           = unknown
/usr/bin/oslevel       = unknown
/bin/universe          = unknown

PATH: /usr/local/sbin
PATH: /usr/local/bin
PATH: /usr/sbin
PATH: /usr/bin
PATH: /sbin
PATH: /bin


## ----------- ##
## Core tests. ##
## ----------- ##

configure:1984: checking for grep that handles long lines and -e
configure:2044: result: /bin/grep
configure:2049: checking for egrep
configure:2113: result: /bin/grep -E
configure:2118: checking for a sed that does not truncate output
configure:2172: result: /bin/sed
configure:2309: checking for cc
configure:2325: found /usr/bin/cc
configure:2336: result: cc
configure:2370: checking for C compiler version
configure:2378: cc --version >&5
cc (GCC) 4.4.7 20120313 (Red Hat 4.4.7-23)
Copyright (C) 2010 Free Software Foundation, Inc.
This is free software; see the source for copying conditions.  There is NO
warranty; not even for MERCHANTABILITY or FITNESS FOR A PARTICULAR PURPOSE.

configure:2382: $? = 0
configure:2389: cc -v >&5
Using built-in specs.
Target: x86_64-redhat-linux
Configured with: ../configure --prefix=/usr --mandir=/usr/share/man --infodir=/usr/share/info --with-bugurl=http://bugzilla.redhat.com/bugzilla --enable-bootstrap --enable-shared --enable-threads=posix --enable-checking=release --with-system-zlib --enable-__cxa_atexit --disable-libunwind-exceptions --enable-gnu-unique-object --enable-languages=c,c++,objc,obj-c++,java,fortran,ada --enable-java-awt=gtk --disable-dssi --with-java-home=/usr/lib/jvm/java-1.5.0-gcj-1.5.0.0/jre --enable-libgcj-multifile --enable-java-maintainer-mode --with-ecj-jar=/usr/share/java/eclipse-ecj.jar --disable-libjava-multilib --with-ppl --with-cloog --with-tune=generic --with-arch_32=i686 --build=x86_64-redhat-linux
Thread model: posix
gcc version 4.4.7 20120313 (Red Hat 4.4.7-23) (GCC) 
configure:2393: $? = 0
configure:2400: cc -V >&5
cc: '-V' option must have argument
configure:2404: $? = 1
configure:2427: checking for C compiler default output file name
configure:2449: cc    conftest.c  >&5
configure:2453: $? = 0
configure:2491: result: a.out
configure:2510: checking whether the C compiler works
configure:2520: ./a.out
configure:2524: $? = 0
configure:2543: result: yes
configure:2550: checking whether we are cross compiling
configure:2552: result: no
configure:2555: checking for suffix of executables
configure:2562: cc -o conftest    conftest.c  >&5
configure:2566: $? = 0
configure:2592: result: 
configure:2598: checking for suffix of object files
configure:2624: cc -c   conftest.c >&5
configure:2628: $? = 0
configure:2653: result: o
configure:2657: checking whether we are using the GNU C compiler
configure:2686: cc -c   conftest.c >&5
configure:2693: $? = 0
configure:2710: result: yes
configure:2719: checking whether cc accepts -g
configure:2749: cc -c -g  conftest.c >&5
configure:2756: $? = 0
configure:2857: result: yes
configure:2874: checking for cc option to accept ISO C89
configure:2948: cc  -c -g -O2  conftest.c >&5
configure:2955: $? = 0
configure:2978: result: none needed
configure:3002: checking how to run the C preprocessor
configure:3042: cc -E  conftest.c
configure:3049: $? = 0
configure:3080: cc -E  conftest.c
conftest.c:8:28: error: ac_nonexistent.h: No such file or directory
configure:3087: $? = 1
configure: failed program was:
| /* confdefs.h.  */
| #define PACKAGE_NAME ""
| #define PACKAGE_TARNAME ""
| #define PACKAGE_VERSION ""
| #define PACKAGE_STRING ""
| #define PACKAGE_BUGREPORT ""
| /* end confdefs.h.  */
| #include <ac_nonexistent.h>
configure:3120: result: cc -E
configure:3149: cc -E  conftest.c
configure:3156: $? = 0
configure:3187: cc -E  conftest.c
conftest.c:8:28: error: ac_nonexistent.h: No such file or directory
configure:3194: $? = 1
configure: failed program was:
| /* confdefs.h.  */
| #define PACKAGE_NAME ""
| #define PACKAGE_TARNAME ""
| #define PACKAGE_VERSION ""
| #define PACKAGE_STRING ""
| #define PACKAGE_BUGREPORT ""
| /* end confdefs.h.  */
| #include <ac_nonexistent.h>
configure:3236: checking for icc
configure:3249: result: no
configure:3263: checking for suncc
configure:3276: result: no
configure:3294: checking whether cc understands -c and -o together
configure:3326: cc -c conftest.c -o conftest2.o >&5
configure:3330: $? = 0
configure:3336: cc -c conftest.c -o conftest2.o >&5
configure:3340: $? = 0
configure:3395: result: yes
configure:3411: checking for system library directory
configure:3426: result: lib
configure:3433: checking if compiler supports -R
configure:3462: cc -o conftest -g -O2   conftest.c -R /usr/lib  >&5
cc: unrecognized option '-R'
/usr/lib: file not recognized: Is a directory
collect2: ld returned 1 exit status
configure:3469: $? = 1
configure: failed program was:
| /* confdefs.h.  */
| #define PACKAGE_NAME ""
| #define PACKAGE_TARNAME ""
| #define PACKAGE_VERSION ""
| #define PACKAGE_STRING ""
| #define PACKAGE_BUGREPORT ""
| /* end confdefs.h.  */
| 
| int
| main ()
| {
| 
|   ;
|   return 0;
| }
configure:3491: result: no
configure:3496: checking if compiler supports -Wl,-rpath,
configure:3525: cc -o conftest -g -O2   conftest.c -Wl,-rpath,/usr/lib  >&5
configure:3532: $? = 0
configure:3554: result: yes
configure:3603: checking build system type
configure:3621: result: x86_64-unknown-linux-gnu
configure:3643: checking host system type
configure:3658: result: x86_64-unknown-linux-gnu
configure:3680: checking target system type
configure:3695: result: x86_64-unknown-linux-gnu
configure:3804: checking for PHP prefix
configure:3806: result: /opt/app/php7
configure:3808: checking for PHP includes
configure:3810: result: -I/opt/app/php7/include/php -I/opt/app/php7/include/php/main -I/opt/app/php7/include/php/TSRM -I/opt/app/php7/include/php/Zend -I/opt/app/php7/include/php/ext -I/opt/app/php7/include/php/ext/date/lib
configure:3812: checking for PHP extension directory
configure:3814: result: /opt/app/php7/lib/php/extensions/no-debug-non-zts-20170718
configure:3816: checking for PHP installed headers prefix
configure:3818: result: /opt/app/php7/include/php
configure:3821: checking if debug is enabled
configure:3851: result: no
configure:3854: checking if zts is enabled
configure:3884: result: no
configure:3955: checking for re2c
configure:3971: found /usr/bin/re2c
configure:3982: result: re2c
configure:3991: checking for re2c version
configure:4005: result: 0.13.5 (ok)
configure:4024: checking for gawk
configure:4041: found /usr/bin/gawk
configure:4052: result: gawk
configure:4102: checking for amqp support
configure:4142: result: yes, shared
configure:4151: checking for amqp
configure:4191: result: yes, shared
configure:4200: result: yes
configure:4207: checking for pkg-config
configure:4225: found /usr/bin/pkg-config
configure:4238: result: /usr/bin/pkg-config
configure:4405: checking for amqp files in default path
configure:4412: result: found in /usr/local/rabbitmq-c-0.7.1
configure:4472: checking for librabbitmq version
configure:4512: cc -o conftest -g -O2 -I/usr/local/rabbitmq-c-0.7.1/include   conftest.c  >&5
configure:4516: $? = 0
configure:4522: ./conftest
configure:4526: $? = 0
configure:4544: result: 0.7.1
configure:5023: checking for ld used by cc
configure:5090: result: /usr/bin/ld
configure:5099: checking if the linker (/usr/bin/ld) is GNU ld
configure:5114: result: yes
configure:5119: checking for /usr/bin/ld option to reload object files
configure:5126: result: -r
configure:5144: checking for BSD-compatible nm
configure:5193: result: /usr/bin/nm -B
configure:5197: checking whether ln -s works
configure:5201: result: yes
configure:5208: checking how to recognize dependent libraries
configure:5394: result: pass_all
configure:5479: cc -c -g -O2  conftest.c >&5
configure:5482: $? = 0
configure:5641: checking for ANSI C header files
configure:5671: cc -c -g -O2  conftest.c >&5
configure:5678: $? = 0
configure:5777: cc -o conftest -g -O2   conftest.c  >&5
configure:5781: $? = 0
configure:5787: ./conftest
configure:5791: $? = 0
configure:5809: result: yes
configure:5833: checking for sys/types.h
configure:5854: cc -c -g -O2  conftest.c >&5
configure:5861: $? = 0
configure:5878: result: yes
configure:5833: checking for sys/stat.h
configure:5854: cc -c -g -O2  conftest.c >&5
configure:5861: $? = 0
configure:5878: result: yes
configure:5833: checking for stdlib.h
configure:5854: cc -c -g -O2  conftest.c >&5
configure:5861: $? = 0
configure:5878: result: yes
configure:5833: checking for string.h
configure:5854: cc -c -g -O2  conftest.c >&5
configure:5861: $? = 0
configure:5878: result: yes
configure:5833: checking for memory.h
configure:5854: cc -c -g -O2  conftest.c >&5
configure:5861: $? = 0
configure:5878: result: yes
configure:5833: checking for strings.h
configure:5854: cc -c -g -O2  conftest.c >&5
configure:5861: $? = 0
configure:5878: result: yes
configure:5833: checking for inttypes.h
configure:5854: cc -c -g -O2  conftest.c >&5
configure:5861: $? = 0
configure:5878: result: yes
configure:5833: checking for stdint.h
configure:5854: cc -c -g -O2  conftest.c >&5
configure:5861: $? = 0
configure:5878: result: yes
configure:5833: checking for unistd.h
configure:5854: cc -c -g -O2  conftest.c >&5
configure:5861: $? = 0
configure:5878: result: yes
configure:5908: checking dlfcn.h usability
configure:5925: cc -c -g -O2  conftest.c >&5
configure:5932: $? = 0
configure:5946: result: yes
configure:5950: checking dlfcn.h presence
configure:5965: cc -E  conftest.c
configure:5972: $? = 0
configure:5986: result: yes
configure:6014: checking for dlfcn.h
configure:6023: result: yes
configure:6050: checking the maximum length of command line arguments
configure:6162: result: 1572864
configure:6174: checking command to parse /usr/bin/nm -B output from cc object
configure:6279: cc -c -g -O2  conftest.c >&5
configure:6282: $? = 0
configure:6286: /usr/bin/nm -B conftest.o \| sed -n -e 's/^.*[ 	]\([ABCDGIRSTW][ABCDGIRSTW]*\)[ 	][ 	]*\([_A-Za-z][_A-Za-z0-9]*\)$/\1 \2 \2/p' \> conftest.nm
configure:6289: $? = 0
configure:6341: cc -o conftest -g -O2   conftest.c conftstm.o >&5
configure:6344: $? = 0
configure:6382: result: ok
configure:6386: checking for objdir
configure:6401: result: .libs
configure:6493: checking for ar
configure:6509: found /usr/bin/ar
configure:6520: result: ar
configure:6585: checking for ranlib
configure:6601: found /usr/bin/ranlib
configure:6612: result: ranlib
configure:6677: checking for strip
configure:6693: found /usr/bin/strip
configure:6704: result: strip
configure:7273: checking if cc supports -fno-rtti -fno-exceptions
configure:7291: cc -c -g -O2  -fno-rtti -fno-exceptions conftest.c >&5
cc1: warning: command line option "-fno-rtti" is valid for C++/ObjC++ but not for C
configure:7295: $? = 0
configure:7308: result: no
configure:7323: checking for cc option to produce PIC
configure:7563: result: -fPIC
configure:7571: checking if cc PIC flag -fPIC works
configure:7589: cc -c -g -O2  -fPIC -DPIC conftest.c >&5
configure:7593: $? = 0
configure:7606: result: yes
configure:7634: checking if cc static flag -static works
configure:7662: result: no
configure:7672: checking if cc supports -c -o file.o
configure:7693: cc -c -g -O2  -o out/conftest2.o conftest.c >&5
configure:7697: $? = 0
configure:7719: result: yes
configure:7745: checking whether the cc linker (/usr/bin/ld) supports shared libraries
configure:8673: result: yes
configure:8694: checking whether -lc should be explicitly linked in
configure:8699: cc -c -g -O2  conftest.c >&5
configure:8702: $? = 0
configure:8717: cc -shared conftest.o  -v -Wl,-soname -Wl,conftest -o conftest 2\>\&1 \| grep  -lc  \>/dev/null 2\>\&1
configure:8720: $? = 0
configure:8732: result: no
configure:8740: checking dynamic linker characteristics
configure:9338: result: GNU/Linux ld.so
configure:9362: checking how to hardcode library paths into programs
configure:9387: result: immediate
configure:9401: checking whether stripping libraries is possible
configure:9406: result: yes
configure:10236: checking if libtool supports shared libraries
configure:10238: result: yes
configure:10241: checking whether to build shared libraries
configure:10262: result: yes
configure:10265: checking whether to build static libraries
configure:10269: result: no
configure:10364: result:
creating libtool
configure:14061: creating ./config.status

## ---------------------- ##
## Running config.status. ##
## ---------------------- ##

This file was extended by config.status, which was
generated by GNU Autoconf 2.63.  Invocation command line was

  CONFIG_FILES    = 
  CONFIG_HEADERS  = 
  CONFIG_LINKS    = 
  CONFIG_COMMANDS = 
  $ ./config.status 

on 997aa5b72b41

config.status:606: creating config.h

## ---------------- ##
## Cache variables. ##
## ---------------- ##

ac_cv_build=x86_64-unknown-linux-gnu
ac_cv_c_compiler_gnu=yes
ac_cv_env_CC_set=
ac_cv_env_CC_value=
ac_cv_env_CFLAGS_set=
ac_cv_env_CFLAGS_value=
ac_cv_env_CPPFLAGS_set=
ac_cv_env_CPPFLAGS_value=
ac_cv_env_CPP_set=
ac_cv_env_CPP_value=
ac_cv_env_LDFLAGS_set=
ac_cv_env_LDFLAGS_value=
ac_cv_env_LIBS_set=
ac_cv_env_LIBS_value=
ac_cv_env_build_alias_set=
ac_cv_env_build_alias_value=
ac_cv_env_host_alias_set=
ac_cv_env_host_alias_value=
ac_cv_env_target_alias_set=
ac_cv_env_target_alias_value=
ac_cv_header_dlfcn_h=yes
ac_cv_header_inttypes_h=yes
ac_cv_header_memory_h=yes
ac_cv_header_stdc=yes
ac_cv_header_stdint_h=yes
ac_cv_header_stdlib_h=yes
ac_cv_header_string_h=yes
ac_cv_header_strings_h=yes
ac_cv_header_sys_stat_h=yes
ac_cv_header_sys_types_h=yes
ac_cv_header_unistd_h=yes
ac_cv_host=x86_64-unknown-linux-gnu
ac_cv_librabbitmq_version=0.7.1
ac_cv_objext=o
ac_cv_path_EGREP='/bin/grep -E'
ac_cv_path_GREP=/bin/grep
ac_cv_path_PKG_CONFIG=/usr/bin/pkg-config
ac_cv_prog_AWK=gawk
ac_cv_prog_CPP='cc -E'
ac_cv_prog_RE2C=re2c
ac_cv_prog_ac_ct_AR=ar
ac_cv_prog_ac_ct_CC=cc
ac_cv_prog_ac_ct_RANLIB=ranlib
ac_cv_prog_ac_ct_STRIP=strip
ac_cv_prog_cc_c89=
ac_cv_prog_cc_cc_c_o=yes
ac_cv_prog_cc_g=yes
ac_cv_target=x86_64-unknown-linux-gnu
lt_cv_deplibs_check_method=pass_all
lt_cv_file_magic_cmd='$MAGIC_CMD'
lt_cv_file_magic_test_file=
lt_cv_ld_reload_flag=-r
lt_cv_objdir=.libs
lt_cv_path_LD=/usr/bin/ld
lt_cv_path_NM='/usr/bin/nm -B'
lt_cv_path_SED=/bin/sed
lt_cv_prog_compiler_c_o=yes
lt_cv_prog_compiler_pic_works=yes
lt_cv_prog_compiler_rtti_exceptions=no
lt_cv_prog_compiler_static_works=no
lt_cv_prog_gnu_ld=yes
lt_cv_sys_global_symbol_pipe='sed -n -e '\''s/^.*[ 	]\([ABCDGIRSTW][ABCDGIRSTW]*\)[ 	][ 	]*\([_A-Za-z][_A-Za-z0-9]*\)$/\1 \2 \2/p'\'''
lt_cv_sys_global_symbol_to_c_name_address='sed -n -e '\''s/^: \([^ ]*\) $/  {\"\1\", (lt_ptr) 0},/p'\'' -e '\''s/^[BCDEGRST] \([^ ]*\) \([^ ]*\)$/  {"\2", (lt_ptr) \&\2},/p'\'''
lt_cv_sys_global_symbol_to_cdecl='sed -n -e '\''s/^. .* \(.*\)$/extern int \1;/p'\'''
lt_cv_sys_lib_dlsearch_path_spec='/lib /usr/lib '
lt_cv_sys_lib_search_path_spec='/usr/lib/gcc/x86_64-redhat-linux/4.4.7 /usr/lib64 /lib64'
lt_cv_sys_max_cmd_len=1572864
lt_lt_cv_prog_compiler_c_o='"yes"'
lt_lt_cv_sys_global_symbol_pipe='"sed -n -e '\''s/^.*[ 	]\\([ABCDGIRSTW][ABCDGIRSTW]*\\)[ 	][ 	]*\\([_A-Za-z][_A-Za-z0-9]*\\)\$/\\1 \\2 \\2/p'\''"'
lt_lt_cv_sys_global_symbol_to_c_name_address='"sed -n -e '\''s/^: \\([^ ]*\\) \$/  {\\\"\\1\\\", (lt_ptr) 0},/p'\'' -e '\''s/^[BCDEGRST] \\([^ ]*\\) \\([^ ]*\\)\$/  {\"\\2\", (lt_ptr) \\&\\2},/p'\''"'
lt_lt_cv_sys_global_symbol_to_cdecl='"sed -n -e '\''s/^. .* \\(.*\\)\$/extern int \\1;/p'\''"'
php_cv_cc_dashr=no
php_cv_cc_rpath=yes
php_cv_re2c_version='0.13.5 (ok)'

## ----------------- ##
## Output variables. ##
## ----------------- ##

AR='ar'
AWK='gawk'
CC='cc'
CFLAGS='-g -O2'
CONFIGURE_COMMAND=' '\''./configure'\''  '\''--with-php-config=/opt/app/php7/bin/php-config'\'' '\''--with-librabbitmq-dir=/usr/local/rabbitmq-c-0.7.1'\'''
CONFIGURE_OPTIONS=' '\''--with-php-config=/opt/app/php7/bin/php-config'\'' '\''--with-librabbitmq-dir=/usr/local/rabbitmq-c-0.7.1'\'''
CPP='cc -E'
CPPFLAGS=' -DHAVE_CONFIG_H'
DEFS='-DHAVE_CONFIG_H'
DSYMUTIL=''
ECHO='echo'
ECHO_C=''
ECHO_N='-n'
ECHO_T=''
EGREP='/bin/grep -E'
EXEEXT=''
GREP='/bin/grep'
LDFLAGS=''
LIBOBJS=''
LIBS=''
LIBTOOL='$(SHELL) $(top_builddir)/libtool'
LN_S='ln -s'
LTLIBOBJS=''
NMEDIT=''
OBJEXT='o'
PACKAGE_BUGREPORT=''
PACKAGE_NAME=''
PACKAGE_STRING=''
PACKAGE_TARNAME=''
PACKAGE_VERSION=''
PATH_SEPARATOR=':'
PKG_CONFIG='/usr/bin/pkg-config'
RANLIB='ranlib'
RE2C='re2c'
SED='/bin/sed'
SHELL='/bin/sh'
SHLIB_DL_SUFFIX_NAME='so'
SHLIB_SUFFIX_NAME='so'
STRIP='strip'
ac_ct_CC='cc'
bindir='${exec_prefix}/bin'
build='x86_64-unknown-linux-gnu'
build_alias=''
build_cpu='x86_64'
build_os='linux-gnu'
build_vendor='unknown'
datadir='${datarootdir}'
datarootdir='${prefix}/share'
docdir='${datarootdir}/doc/${PACKAGE}'
dvidir='${docdir}'
exec_prefix='$(prefix)'
host='x86_64-unknown-linux-gnu'
host_alias='x86_64-unknown-linux-gnu'
host_cpu='x86_64'
host_os='linux-gnu'
host_vendor='unknown'
htmldir='${docdir}'
includedir='${prefix}/include'
infodir='${datarootdir}/info'
libdir='${exec_prefix}/lib'
libexecdir='${exec_prefix}/libexec'
localedir='${datarootdir}/locale'
localstatedir='${prefix}/var'
mandir='${datarootdir}/man'
oldincludedir='/usr/include'
pdfdir='${docdir}'
prefix='/opt/app/php7'
program_transform_name='s,x,x,'
psdir='${docdir}'
sbindir='${exec_prefix}/sbin'
sharedstatedir='${prefix}/com'
sysconfdir='${prefix}/etc'
target='x86_64-unknown-linux-gnu'
target_alias=''
target_cpu='x86_64'
target_os='linux-gnu'
target_vendor='unknown'

## ----------- ##
## confdefs.h. ##
## ----------- ##

#define PACKAGE_NAME ""
#define PACKAGE_TARNAME ""
#define PACKAGE_VERSION ""
#define PACKAGE_STRING ""
#define PACKAGE_BUGREPORT ""
#define COMPILE_DL_AMQP 1
#define STDC_HEADERS 1
#define HAVE_SYS_TYPES_H 1
#define HAVE_SYS_STAT_H 1
#define HAVE_STDLIB_H 1
#define HAVE_STRING_H 1
#define HAVE_MEMORY_H 1
#define HAVE_STRINGS_H 1
#define HAVE_INTTYPES_H 1
#define HAVE_STDINT_H 1
#define HAVE_UNISTD_H 1
#define HAVE_DLFCN_H 1

configure: exit 0
