This file contains any messages produced by compilers while
running configure, to aid debugging if configure makes a mistake.

It was created by rabbitmq-c configure 0.7.1, which was
generated by GNU Autoconf 2.69.  Invocation command line was

  $ ./configure --prefix=/usr/local/rabbitmq-c-0.7.1

## --------- ##
## Platform. ##
## --------- ##

hostname = 997aa5b72b41
uname -m = x86_64
uname -r = 4.9.125-linuxkit
uname -s = Linux
uname -v = #1 SMP Fri Sep 7 08:20:28 UTC 2018

/usr/bin/uname -p = unknown
/bin/uname -X     = unknown

/bin/arch              = x86_64
/usr/bin/arch -k       = unknown
/usr/convex/getsysinfo = unknown
/usr/bin/hostinfo      = unknown
/bin/machine           = unknown
/usr/bin/oslevel       = unknown
/bin/universe          = unknown

PATH: /usr/local/sbin
PATH: /usr/local/bin
PATH: /usr/sbin
PATH: /usr/bin
PATH: /sbin
PATH: /bin


## ----------- ##
## Core tests. ##
## ----------- ##

configure:2324: checking for a BSD-compatible install
configure:2392: result: /usr/bin/install -c
configure:2403: checking whether build environment is sane
configure:2458: result: yes
configure:2609: checking for a thread-safe mkdir -p
configure:2648: result: /bin/mkdir -p
configure:2655: checking for gawk
configure:2671: found /usr/bin/gawk
configure:2682: result: gawk
configure:2693: checking whether make sets $(MAKE)
configure:2715: result: yes
configure:2744: checking whether make supports nested variables
configure:2761: result: yes
configure:2897: checking whether make supports nested variables
configure:2914: result: yes
configure:2938: checking for style of include used by make
configure:2966: result: GNU
configure:3037: checking for gcc
configure:3053: found /usr/bin/gcc
configure:3064: result: gcc
configure:3293: checking for C compiler version
configure:3302: gcc --version >&5
gcc (GCC) 4.4.7 20120313 (Red Hat 4.4.7-23)
Copyright (C) 2010 Free Software Foundation, Inc.
This is free software; see the source for copying conditions.  There is NO
warranty; not even for MERCHANTABILITY or FITNESS FOR A PARTICULAR PURPOSE.

configure:3313: $? = 0
configure:3302: gcc -v >&5
Using built-in specs.
Target: x86_64-redhat-linux
Configured with: ../configure --prefix=/usr --mandir=/usr/share/man --infodir=/usr/share/info --with-bugurl=http://bugzilla.redhat.com/bugzilla --enable-bootstrap --enable-shared --enable-threads=posix --enable-checking=release --with-system-zlib --enable-__cxa_atexit --disable-libunwind-exceptions --enable-gnu-unique-object --enable-languages=c,c++,objc,obj-c++,java,fortran,ada --enable-java-awt=gtk --disable-dssi --with-java-home=/usr/lib/jvm/java-1.5.0-gcj-1.5.0.0/jre --enable-libgcj-multifile --enable-java-maintainer-mode --with-ecj-jar=/usr/share/java/eclipse-ecj.jar --disable-libjava-multilib --with-ppl --with-cloog --with-tune=generic --with-arch_32=i686 --build=x86_64-redhat-linux
Thread model: posix
gcc version 4.4.7 20120313 (Red Hat 4.4.7-23) (GCC) 
configure:3313: $? = 0
configure:3302: gcc -V >&5
gcc: '-V' option must have argument
configure:3313: $? = 1
configure:3302: gcc -qversion >&5
gcc: unrecognized option '-qversion'
gcc: no input files
configure:3313: $? = 1
configure:3333: checking whether the C compiler works
configure:3355: gcc    conftest.c  >&5
configure:3359: $? = 0
configure:3407: result: yes
configure:3410: checking for C compiler default output file name
configure:3412: result: a.out
configure:3418: checking for suffix of executables
configure:3425: gcc -o conftest    conftest.c  >&5
configure:3429: $? = 0
configure:3451: result: 
configure:3473: checking whether we are cross compiling
configure:3481: gcc -o conftest    conftest.c  >&5
configure:3485: $? = 0
configure:3492: ./conftest
configure:3496: $? = 0
configure:3511: result: no
configure:3516: checking for suffix of object files
configure:3538: gcc -c   conftest.c >&5
configure:3542: $? = 0
configure:3563: result: o
configure:3567: checking whether we are using the GNU C compiler
configure:3586: gcc -c   conftest.c >&5
configure:3586: $? = 0
configure:3595: result: yes
configure:3604: checking whether gcc accepts -g
configure:3624: gcc -c -g  conftest.c >&5
configure:3624: $? = 0
configure:3665: result: yes
configure:3682: checking for gcc option to accept ISO C89
configure:3745: gcc  -c -g -O2  conftest.c >&5
configure:3745: $? = 0
configure:3758: result: none needed
configure:3783: checking whether gcc understands -c and -o together
configure:3805: gcc -c conftest.c -o conftest2.o
configure:3808: $? = 0
configure:3805: gcc -c conftest.c -o conftest2.o
configure:3808: $? = 0
configure:3820: result: yes
configure:3839: checking dependency style of gcc
configure:3950: result: gcc3
configure:3971: checking how to run the C preprocessor
configure:4002: gcc -E  conftest.c
configure:4002: $? = 0
configure:4016: gcc -E  conftest.c
conftest.c:11:28: error: ac_nonexistent.h: No such file or directory
configure:4016: $? = 1
configure: failed program was:
| /* confdefs.h */
| #define PACKAGE_NAME "rabbitmq-c"
| #define PACKAGE_TARNAME "rabbitmq-c"
| #define PACKAGE_VERSION "0.7.1"
| #define PACKAGE_STRING "rabbitmq-c 0.7.1"
| #define PACKAGE_BUGREPORT "https://github.com/alanxz/rabbitmq-c/issues"
| #define PACKAGE_URL "http://www.rabbitmq.com/"
| #define PACKAGE "rabbitmq-c"
| #define VERSION "0.7.1"
| /* end confdefs.h.  */
| #include <ac_nonexistent.h>
configure:4041: result: gcc -E
configure:4061: gcc -E  conftest.c
configure:4061: $? = 0
configure:4075: gcc -E  conftest.c
conftest.c:11:28: error: ac_nonexistent.h: No such file or directory
configure:4075: $? = 1
configure: failed program was:
| /* confdefs.h */
| #define PACKAGE_NAME "rabbitmq-c"
| #define PACKAGE_TARNAME "rabbitmq-c"
| #define PACKAGE_VERSION "0.7.1"
| #define PACKAGE_STRING "rabbitmq-c 0.7.1"
| #define PACKAGE_BUGREPORT "https://github.com/alanxz/rabbitmq-c/issues"
| #define PACKAGE_URL "http://www.rabbitmq.com/"
| #define PACKAGE "rabbitmq-c"
| #define VERSION "0.7.1"
| /* end confdefs.h.  */
| #include <ac_nonexistent.h>
configure:4104: checking for grep that handles long lines and -e
configure:4162: result: /bin/grep
configure:4167: checking for egrep
configure:4229: result: /bin/grep -E
configure:4234: checking for ANSI C header files
configure:4254: gcc -c -g -O2  conftest.c >&5
configure:4254: $? = 0
configure:4327: gcc -o conftest -g -O2   conftest.c  >&5
configure:4327: $? = 0
configure:4327: ./conftest
configure:4327: $? = 0
configure:4338: result: yes
configure:4351: checking for sys/types.h
configure:4351: gcc -c -g -O2  conftest.c >&5
configure:4351: $? = 0
configure:4351: result: yes
configure:4351: checking for sys/stat.h
configure:4351: gcc -c -g -O2  conftest.c >&5
configure:4351: $? = 0
configure:4351: result: yes
configure:4351: checking for stdlib.h
configure:4351: gcc -c -g -O2  conftest.c >&5
configure:4351: $? = 0
configure:4351: result: yes
configure:4351: checking for string.h
configure:4351: gcc -c -g -O2  conftest.c >&5
configure:4351: $? = 0
configure:4351: result: yes
configure:4351: checking for memory.h
configure:4351: gcc -c -g -O2  conftest.c >&5
configure:4351: $? = 0
configure:4351: result: yes
configure:4351: checking for strings.h
configure:4351: gcc -c -g -O2  conftest.c >&5
configure:4351: $? = 0
configure:4351: result: yes
configure:4351: checking for inttypes.h
configure:4351: gcc -c -g -O2  conftest.c >&5
configure:4351: $? = 0
configure:4351: result: yes
configure:4351: checking for stdint.h
configure:4351: gcc -c -g -O2  conftest.c >&5
configure:4351: $? = 0
configure:4351: result: yes
configure:4351: checking for unistd.h
configure:4351: gcc -c -g -O2  conftest.c >&5
configure:4351: $? = 0
configure:4351: result: yes
configure:4364: checking minix/config.h usability
configure:4364: gcc -c -g -O2  conftest.c >&5
conftest.c:54:26: error: minix/config.h: No such file or directory
configure:4364: $? = 1
configure: failed program was:
| /* confdefs.h */
| #define PACKAGE_NAME "rabbitmq-c"
| #define PACKAGE_TARNAME "rabbitmq-c"
| #define PACKAGE_VERSION "0.7.1"
| #define PACKAGE_STRING "rabbitmq-c 0.7.1"
| #define PACKAGE_BUGREPORT "https://github.com/alanxz/rabbitmq-c/issues"
| #define PACKAGE_URL "http://www.rabbitmq.com/"
| #define PACKAGE "rabbitmq-c"
| #define VERSION "0.7.1"
| #define STDC_HEADERS 1
| #define HAVE_SYS_TYPES_H 1
| #define HAVE_SYS_STAT_H 1
| #define HAVE_STDLIB_H 1
| #define HAVE_STRING_H 1
| #define HAVE_MEMORY_H 1
| #define HAVE_STRINGS_H 1
| #define HAVE_INTTYPES_H 1
| #define HAVE_STDINT_H 1
| #define HAVE_UNISTD_H 1
| /* end confdefs.h.  */
| #include <stdio.h>
| #ifdef HAVE_SYS_TYPES_H
| # include <sys/types.h>
| #endif
| #ifdef HAVE_SYS_STAT_H
| # include <sys/stat.h>
| #endif
| #ifdef STDC_HEADERS
| # include <stdlib.h>
| # include <stddef.h>
| #else
| # ifdef HAVE_STDLIB_H
| #  include <stdlib.h>
| # endif
| #endif
| #ifdef HAVE_STRING_H
| # if !defined STDC_HEADERS && defined HAVE_MEMORY_H
| #  include <memory.h>
| # endif
| # include <string.h>
| #endif
| #ifdef HAVE_STRINGS_H
| # include <strings.h>
| #endif
| #ifdef HAVE_INTTYPES_H
| # include <inttypes.h>
| #endif
| #ifdef HAVE_STDINT_H
| # include <stdint.h>
| #endif
| #ifdef HAVE_UNISTD_H
| # include <unistd.h>
| #endif
| #include <minix/config.h>
configure:4364: result: no
configure:4364: checking minix/config.h presence
configure:4364: gcc -E  conftest.c
conftest.c:21:26: error: minix/config.h: No such file or directory
configure:4364: $? = 1
configure: failed program was:
| /* confdefs.h */
| #define PACKAGE_NAME "rabbitmq-c"
| #define PACKAGE_TARNAME "rabbitmq-c"
| #define PACKAGE_VERSION "0.7.1"
| #define PACKAGE_STRING "rabbitmq-c 0.7.1"
| #define PACKAGE_BUGREPORT "https://github.com/alanxz/rabbitmq-c/issues"
| #define PACKAGE_URL "http://www.rabbitmq.com/"
| #define PACKAGE "rabbitmq-c"
| #define VERSION "0.7.1"
| #define STDC_HEADERS 1
| #define HAVE_SYS_TYPES_H 1
| #define HAVE_SYS_STAT_H 1
| #define HAVE_STDLIB_H 1
| #define HAVE_STRING_H 1
| #define HAVE_MEMORY_H 1
| #define HAVE_STRINGS_H 1
| #define HAVE_INTTYPES_H 1
| #define HAVE_STDINT_H 1
| #define HAVE_UNISTD_H 1
| /* end confdefs.h.  */
| #include <minix/config.h>
configure:4364: result: no
configure:4364: checking for minix/config.h
configure:4364: result: no
configure:4385: checking whether it is safe to define __EXTENSIONS__
configure:4403: gcc -c -g -O2  conftest.c >&5
configure:4403: $? = 0
configure:4410: result: yes
configure:4457: checking build system type
configure:4471: result: x86_64-unknown-linux-gnu
configure:4491: checking host system type
configure:4504: result: x86_64-unknown-linux-gnu
configure:4545: checking how to print strings
configure:4572: result: printf
configure:4593: checking for a sed that does not truncate output
configure:4657: result: /bin/sed
configure:4675: checking for fgrep
configure:4737: result: /bin/grep -F
configure:4772: checking for ld used by gcc
configure:4839: result: /usr/bin/ld
configure:4846: checking if the linker (/usr/bin/ld) is GNU ld
configure:4861: result: yes
configure:4873: checking for BSD- or MS-compatible name lister (nm)
configure:4922: result: /usr/bin/nm -B
configure:5052: checking the name lister (/usr/bin/nm -B) interface
configure:5059: gcc -c -g -O2  conftest.c >&5
configure:5062: /usr/bin/nm -B "conftest.o"
configure:5065: output
0000000000000000 B some_variable
configure:5072: result: BSD nm
configure:5075: checking whether ln -s works
configure:5079: result: yes
configure:5087: checking the maximum length of command line arguments
configure:5218: result: 1572864
configure:5235: checking whether the shell understands some XSI constructs
configure:5245: result: yes
configure:5249: checking whether the shell understands "+="
configure:5255: result: yes
configure:5290: checking how to convert x86_64-unknown-linux-gnu file names to x86_64-unknown-linux-gnu format
configure:5330: result: func_convert_file_noop
configure:5337: checking how to convert x86_64-unknown-linux-gnu file names to toolchain format
configure:5357: result: func_convert_file_noop
configure:5364: checking for /usr/bin/ld option to reload object files
configure:5371: result: -r
configure:5445: checking for objdump
configure:5461: found /usr/bin/objdump
configure:5472: result: objdump
configure:5501: checking how to recognize dependent libraries
configure:5699: result: pass_all
configure:5784: checking for dlltool
configure:5814: result: no
configure:5841: checking how to associate runtime and link libraries
configure:5868: result: printf %s\n
configure:5928: checking for ar
configure:5944: found /usr/bin/ar
configure:5955: result: ar
configure:5992: checking for archiver @FILE support
configure:6009: gcc -c -g -O2  conftest.c >&5
configure:6009: $? = 0
configure:6012: ar cru libconftest.a @conftest.lst >&5
configure:6015: $? = 0
configure:6020: ar cru libconftest.a @conftest.lst >&5
ar: conftest.o: No such file or directory
configure:6023: $? = 1
configure:6035: result: @
configure:6093: checking for strip
configure:6109: found /usr/bin/strip
configure:6120: result: strip
configure:6192: checking for ranlib
configure:6208: found /usr/bin/ranlib
configure:6219: result: ranlib
configure:6321: checking command to parse /usr/bin/nm -B output from gcc object
configure:6441: gcc -c -g -O2  conftest.c >&5
configure:6444: $? = 0
configure:6448: /usr/bin/nm -B conftest.o \| sed -n -e 's/^.*[ ]\([ABCDGIRSTW][ABCDGIRSTW]*\)[ ][ ]*\([_A-Za-z][_A-Za-z0-9]*\)$/\1 \2 \2/p' | sed '/ __gnu_lto/d' \> conftest.nm
configure:6451: $? = 0
configure:6517: gcc -o conftest -g -O2   conftest.c conftstm.o >&5
configure:6520: $? = 0
configure:6558: result: ok
configure:6595: checking for sysroot
configure:6625: result: no
configure:6702: gcc -c -g -O2  conftest.c >&5
configure:6705: $? = 0
configure:6894: checking for mt
configure:6924: result: no
configure:6944: checking if : is a manifest tool
configure:6950: : '-?'
configure:6958: result: no
configure:7597: checking for dlfcn.h
configure:7597: gcc -c -g -O2  conftest.c >&5
configure:7597: $? = 0
configure:7597: result: yes
configure:8100: checking for objdir
configure:8115: result: .libs
configure:8386: checking if gcc supports -fno-rtti -fno-exceptions
configure:8404: gcc -c -g -O2  -fno-rtti -fno-exceptions conftest.c >&5
cc1: warning: command line option "-fno-rtti" is valid for C++/ObjC++ but not for C
configure:8408: $? = 0
configure:8421: result: no
configure:8748: checking for gcc option to produce PIC
configure:8755: result: -fPIC -DPIC
configure:8763: checking if gcc PIC flag -fPIC -DPIC works
configure:8781: gcc -c -g -O2  -fPIC -DPIC -DPIC conftest.c >&5
configure:8785: $? = 0
configure:8798: result: yes
configure:8827: checking if gcc static flag -static works
configure:8855: result: no
configure:8870: checking if gcc supports -c -o file.o
configure:8891: gcc -c -g -O2  -o out/conftest2.o conftest.c >&5
configure:8895: $? = 0
configure:8917: result: yes
configure:8925: checking if gcc supports -c -o file.o
configure:8972: result: yes
configure:9005: checking whether the gcc linker (/usr/bin/ld) supports shared libraries
configure:10162: result: yes
configure:10199: checking whether -lc should be explicitly linked in
configure:10207: gcc -c -g -O2  conftest.c >&5
configure:10210: $? = 0
configure:10225: gcc -shared  -fPIC -DPIC conftest.o  -v -Wl,-soname -Wl,conftest -o conftest 2\>\&1 \| /bin/grep  -lc  \>/dev/null 2\>\&1
configure:10228: $? = 0
configure:10242: result: no
configure:10402: checking dynamic linker characteristics
configure:10902: gcc -o conftest -g -O2   -Wl,-rpath -Wl,/foo conftest.c  >&5
configure:10902: $? = 0
configure:11136: result: GNU/Linux ld.so
configure:11243: checking how to hardcode library paths into programs
configure:11268: result: immediate
configure:11808: checking whether stripping libraries is possible
configure:11813: result: yes
configure:11848: checking if libtool supports shared libraries
configure:11850: result: yes
configure:11853: checking whether to build shared libraries
configure:11874: result: yes
configure:11877: checking whether to build static libraries
configure:11881: result: no
configure:11920: WARNING: Attempt c89 workaround for old versions of autoconf
configure:11970: checking for gcc
configure:11997: result: gcc
configure:12226: checking for C compiler version
configure:12235: gcc --version >&5
gcc (GCC) 4.4.7 20120313 (Red Hat 4.4.7-23)
Copyright (C) 2010 Free Software Foundation, Inc.
This is free software; see the source for copying conditions.  There is NO
warranty; not even for MERCHANTABILITY or FITNESS FOR A PARTICULAR PURPOSE.

configure:12246: $? = 0
configure:12235: gcc -v >&5
Using built-in specs.
Target: x86_64-redhat-linux
Configured with: ../configure --prefix=/usr --mandir=/usr/share/man --infodir=/usr/share/info --with-bugurl=http://bugzilla.redhat.com/bugzilla --enable-bootstrap --enable-shared --enable-threads=posix --enable-checking=release --with-system-zlib --enable-__cxa_atexit --disable-libunwind-exceptions --enable-gnu-unique-object --enable-languages=c,c++,objc,obj-c++,java,fortran,ada --enable-java-awt=gtk --disable-dssi --with-java-home=/usr/lib/jvm/java-1.5.0-gcj-1.5.0.0/jre --enable-libgcj-multifile --enable-java-maintainer-mode --with-ecj-jar=/usr/share/java/eclipse-ecj.jar --disable-libjava-multilib --with-ppl --with-cloog --with-tune=generic --with-arch_32=i686 --build=x86_64-redhat-linux
Thread model: posix
gcc version 4.4.7 20120313 (Red Hat 4.4.7-23) (GCC) 
configure:12246: $? = 0
configure:12235: gcc -V >&5
gcc: '-V' option must have argument
configure:12246: $? = 1
configure:12235: gcc -qversion >&5
gcc: unrecognized option '-qversion'
gcc: no input files
configure:12246: $? = 1
configure:12250: checking whether we are using the GNU C compiler
configure:12278: result: yes
configure:12287: checking whether gcc accepts -g
configure:12348: result: yes
configure:12365: checking for gcc option to accept ISO C89
configure:12441: result: none needed
configure:12466: checking whether gcc understands -c and -o together
configure:12503: result: yes
configure:12522: checking dependency style of gcc
configure:12633: result: gcc3
configure:12651: checking if compiler accepts '-std=gnu90'
configure:12664: gcc -c -std=gnu90 -g -O2  conftest.c >&5
cc1: error: unrecognized command line option "-std=gnu90"
configure:12664: $? = 1
configure: failed program was:
| /* confdefs.h */
| #define PACKAGE_NAME "rabbitmq-c"
| #define PACKAGE_TARNAME "rabbitmq-c"
| #define PACKAGE_VERSION "0.7.1"
| #define PACKAGE_STRING "rabbitmq-c 0.7.1"
| #define PACKAGE_BUGREPORT "https://github.com/alanxz/rabbitmq-c/issues"
| #define PACKAGE_URL "http://www.rabbitmq.com/"
| #define PACKAGE "rabbitmq-c"
| #define VERSION "0.7.1"
| #define STDC_HEADERS 1
| #define HAVE_SYS_TYPES_H 1
| #define HAVE_SYS_STAT_H 1
| #define HAVE_STDLIB_H 1
| #define HAVE_STRING_H 1
| #define HAVE_MEMORY_H 1
| #define HAVE_STRINGS_H 1
| #define HAVE_INTTYPES_H 1
| #define HAVE_STDINT_H 1
| #define HAVE_UNISTD_H 1
| #define __EXTENSIONS__ 1
| #define _ALL_SOURCE 1
| #define _GNU_SOURCE 1
| #define _POSIX_PTHREAD_SEMANTICS 1
| #define _TANDEM_SOURCE 1
| #define HAVE_DLFCN_H 1
| #define LT_OBJDIR ".libs/"
| /* end confdefs.h.  */
| 
| int
| main ()
| {
| 
|   ;
|   return 0;
| }
configure:12678: result: no
configure:12739: checking for pkg-config
configure:12757: found /usr/bin/pkg-config
configure:12769: result: /usr/bin/pkg-config
configure:12794: checking pkg-config is at least version 0.17
configure:12797: result: yes
configure:12808: checking for inline
configure:12824: gcc -c -g -O2  conftest.c >&5
configure:12824: $? = 0
configure:12832: result: inline
configure:12855: checking if compiler accepts '-Wall'
configure:12868: gcc -c -Wall -g -O2  conftest.c >&5
configure:12868: $? = 0
configure:12869: result: yes
configure:12892: checking if compiler accepts '-Wextra'
configure:12905: gcc -c -Wextra -g -O2 -Wall  conftest.c >&5
configure:12905: $? = 0
configure:12906: result: yes
configure:12929: checking if compiler accepts '-Wstrict-prototypes'
configure:12942: gcc -c -Wstrict-prototypes -g -O2 -Wall -Wextra  conftest.c >&5
conftest.c:31: warning: function declaration isn't a prototype
configure:12942: $? = 0
configure:12943: result: yes
configure:12966: checking if compiler accepts '-Wno-unused-function'
configure:12979: gcc -c -Wno-unused-function -g -O2 -Wall -Wextra -Wstrict-prototypes  conftest.c >&5
conftest.c:31: warning: function declaration isn't a prototype
configure:12979: $? = 0
configure:12980: result: yes
configure:13003: checking if compiler accepts '-fno-common'
configure:13016: gcc -c -fno-common -g -O2 -Wall -Wextra -Wstrict-prototypes -Wno-unused-function  conftest.c >&5
conftest.c:31: warning: function declaration isn't a prototype
configure:13016: $? = 0
configure:13017: result: yes
configure:13040: checking if compiler accepts '-fvisibility=hidden'
configure:13053: gcc -c -fvisibility=hidden -g -O2 -Wall -Wextra -Wstrict-prototypes -Wno-unused-function -fno-common  conftest.c >&5
conftest.c:31: warning: function declaration isn't a prototype
configure:13053: $? = 0
configure:13054: result: yes
configure:13076: checking if linker accepts '-no-undefined'
configure:13089: gcc -o conftest -g -O2 -Wall -Wextra -Wstrict-prototypes -Wno-unused-function -fno-common -fvisibility=hidden  -no-undefined  conftest.c  >&5
gcc: unrecognized option '-no-undefined'
conftest.c:31: warning: function declaration isn't a prototype
configure:13089: $? = 0
configure:13090: result: yes
configure:13199: checking for library containing getaddrinfo
configure:13230: gcc -o conftest -g -O2 -Wall -Wextra -Wstrict-prototypes -Wno-unused-function -fno-common -fvisibility=hidden   conftest.c  >&5
conftest.c:36: warning: function declaration isn't a prototype
conftest.c:39: warning: function declaration isn't a prototype
configure:13230: $? = 0
configure:13247: result: none required
configure:13298: checking for library containing socket
configure:13329: gcc -o conftest -g -O2 -Wall -Wextra -Wstrict-prototypes -Wno-unused-function -fno-common -fvisibility=hidden   conftest.c  >&5
conftest.c:36: warning: function declaration isn't a prototype
conftest.c:39: warning: function declaration isn't a prototype
configure:13329: $? = 0
configure:13346: result: none required
configure:13397: checking for library containing clock_gettime
configure:13428: gcc -o conftest -g -O2 -Wall -Wextra -Wstrict-prototypes -Wno-unused-function -fno-common -fvisibility=hidden   conftest.c  >&5
conftest.c:36: warning: function declaration isn't a prototype
conftest.c:39: warning: function declaration isn't a prototype
/tmp/ccpvZ1uM.o: In function `main':
/opt/case/usersoft/rabbitmq-c-0.7.1/conftest.c:40: undefined reference to `clock_gettime'
collect2: ld returned 1 exit status
configure:13428: $? = 1
configure: failed program was:
| /* confdefs.h */
| #define PACKAGE_NAME "rabbitmq-c"
| #define PACKAGE_TARNAME "rabbitmq-c"
| #define PACKAGE_VERSION "0.7.1"
| #define PACKAGE_STRING "rabbitmq-c 0.7.1"
| #define PACKAGE_BUGREPORT "https://github.com/alanxz/rabbitmq-c/issues"
| #define PACKAGE_URL "http://www.rabbitmq.com/"
| #define PACKAGE "rabbitmq-c"
| #define VERSION "0.7.1"
| #define STDC_HEADERS 1
| #define HAVE_SYS_TYPES_H 1
| #define HAVE_SYS_STAT_H 1
| #define HAVE_STDLIB_H 1
| #define HAVE_STRING_H 1
| #define HAVE_MEMORY_H 1
| #define HAVE_STRINGS_H 1
| #define HAVE_INTTYPES_H 1
| #define HAVE_STDINT_H 1
| #define HAVE_UNISTD_H 1
| #define __EXTENSIONS__ 1
| #define _ALL_SOURCE 1
| #define _GNU_SOURCE 1
| #define _POSIX_PTHREAD_SEMANTICS 1
| #define _TANDEM_SOURCE 1
| #define HAVE_DLFCN_H 1
| #define LT_OBJDIR ".libs/"
| #define ENABLE_THREAD_SAFETY 1
| /* end confdefs.h.  */
| 
| /* Override any GCC internal prototype to avoid an error.
|    Use char because int might match the return type of a GCC
|    builtin and then its argument prototype would still apply.  */
| #ifdef __cplusplus
| extern "C"
| #endif
| char clock_gettime ();
| int
| main ()
| {
| return clock_gettime ();
|   ;
|   return 0;
| }
configure:13428: gcc -o conftest -g -O2 -Wall -Wextra -Wstrict-prototypes -Wno-unused-function -fno-common -fvisibility=hidden   conftest.c -lrt   >&5
conftest.c:36: warning: function declaration isn't a prototype
conftest.c:39: warning: function declaration isn't a prototype
configure:13428: $? = 0
configure:13445: result: -lrt
configure:13453: checking if htonll is defined
configure:13472: gcc -o conftest -g -O2 -Wall -Wextra -Wstrict-prototypes -Wno-unused-function -fno-common -fvisibility=hidden   conftest.c -lrt  >&5
conftest.c:34: warning: function declaration isn't a prototype
conftest.c: In function 'main':
conftest.c:36: warning: implicit declaration of function 'htonll'
/tmp/ccNjIdET.o: In function `main':
/opt/case/usersoft/rabbitmq-c-0.7.1/conftest.c:36: undefined reference to `htonll'
collect2: ld returned 1 exit status
configure:13472: $? = 1
configure: failed program was:
| /* confdefs.h */
| #define PACKAGE_NAME "rabbitmq-c"
| #define PACKAGE_TARNAME "rabbitmq-c"
| #define PACKAGE_VERSION "0.7.1"
| #define PACKAGE_STRING "rabbitmq-c 0.7.1"
| #define PACKAGE_BUGREPORT "https://github.com/alanxz/rabbitmq-c/issues"
| #define PACKAGE_URL "http://www.rabbitmq.com/"
| #define PACKAGE "rabbitmq-c"
| #define VERSION "0.7.1"
| #define STDC_HEADERS 1
| #define HAVE_SYS_TYPES_H 1
| #define HAVE_SYS_STAT_H 1
| #define HAVE_STDLIB_H 1
| #define HAVE_STRING_H 1
| #define HAVE_MEMORY_H 1
| #define HAVE_STRINGS_H 1
| #define HAVE_INTTYPES_H 1
| #define HAVE_STDINT_H 1
| #define HAVE_UNISTD_H 1
| #define __EXTENSIONS__ 1
| #define _ALL_SOURCE 1
| #define _GNU_SOURCE 1
| #define _POSIX_PTHREAD_SEMANTICS 1
| #define _TANDEM_SOURCE 1
| #define HAVE_DLFCN_H 1
| #define LT_OBJDIR ".libs/"
| #define ENABLE_THREAD_SAFETY 1
| /* end confdefs.h.  */
| 
|         #include <arpa/inet.h>
| 
| int
| main ()
| {
| 
|        return htonll(0);
| 
| 
|   ;
|   return 0;
| }
configure:13482: result: no
configure:13491: checking for poll(2)
configure:13507: gcc -o conftest -g -O2 -Wall -Wextra -Wstrict-prototypes -Wno-unused-function -fno-common -fvisibility=hidden   conftest.c -lrt  >&5
conftest.c:32: warning: function declaration isn't a prototype
configure:13507: $? = 0
configure:13517: result: yes
configure:13729: checking for SSL
configure:13736: $PKG_CONFIG --exists --print-errors "openssl >= 0.9.8"
configure:13739: $? = 0
configure:13753: $PKG_CONFIG --exists --print-errors "openssl >= 0.9.8"
configure:13756: $? = 0
configure:13794: result: yes
configure:13981: checking for popt.h
configure:13981: gcc -c -g -O2 -Wall -Wextra -Wstrict-prototypes -Wno-unused-function -fno-common -fvisibility=hidden  conftest.c >&5
conftest.c:33:18: error: popt.h: No such file or directory
configure:13981: $? = 1
configure: failed program was:
| /* confdefs.h */
| #define PACKAGE_NAME "rabbitmq-c"
| #define PACKAGE_TARNAME "rabbitmq-c"
| #define PACKAGE_VERSION "0.7.1"
| #define PACKAGE_STRING "rabbitmq-c 0.7.1"
| #define PACKAGE_BUGREPORT "https://github.com/alanxz/rabbitmq-c/issues"
| #define PACKAGE_URL "http://www.rabbitmq.com/"
| #define PACKAGE "rabbitmq-c"
| #define VERSION "0.7.1"
| #define STDC_HEADERS 1
| #define HAVE_SYS_TYPES_H 1
| #define HAVE_SYS_STAT_H 1
| #define HAVE_STDLIB_H 1
| #define HAVE_STRING_H 1
| #define HAVE_MEMORY_H 1
| #define HAVE_STRINGS_H 1
| #define HAVE_INTTYPES_H 1
| #define HAVE_STDINT_H 1
| #define HAVE_UNISTD_H 1
| #define __EXTENSIONS__ 1
| #define _ALL_SOURCE 1
| #define _GNU_SOURCE 1
| #define _POSIX_PTHREAD_SEMANTICS 1
| #define _TANDEM_SOURCE 1
| #define HAVE_DLFCN_H 1
| #define LT_OBJDIR ".libs/"
| #define ENABLE_THREAD_SAFETY 1
| #define HAVE_POLL /**/
| #define WITH_SSL 1
| /* end confdefs.h.  */
| 
| 
| #include <popt.h>
configure:13981: result: no
configure:13993: checking for poptGetContext in -lpopt
configure:14018: gcc -o conftest -g -O2 -Wall -Wextra -Wstrict-prototypes -Wno-unused-function -fno-common -fvisibility=hidden   conftest.c -lpopt  -lrt  >&5
conftest.c:38: warning: function declaration isn't a prototype
conftest.c:41: warning: function declaration isn't a prototype
/usr/bin/ld: cannot find -lpopt
collect2: ld returned 1 exit status
configure:14018: $? = 1
configure: failed program was:
| /* confdefs.h */
| #define PACKAGE_NAME "rabbitmq-c"
| #define PACKAGE_TARNAME "rabbitmq-c"
| #define PACKAGE_VERSION "0.7.1"
| #define PACKAGE_STRING "rabbitmq-c 0.7.1"
| #define PACKAGE_BUGREPORT "https://github.com/alanxz/rabbitmq-c/issues"
| #define PACKAGE_URL "http://www.rabbitmq.com/"
| #define PACKAGE "rabbitmq-c"
| #define VERSION "0.7.1"
| #define STDC_HEADERS 1
| #define HAVE_SYS_TYPES_H 1
| #define HAVE_SYS_STAT_H 1
| #define HAVE_STDLIB_H 1
| #define HAVE_STRING_H 1
| #define HAVE_MEMORY_H 1
| #define HAVE_STRINGS_H 1
| #define HAVE_INTTYPES_H 1
| #define HAVE_STDINT_H 1
| #define HAVE_UNISTD_H 1
| #define __EXTENSIONS__ 1
| #define _ALL_SOURCE 1
| #define _GNU_SOURCE 1
| #define _POSIX_PTHREAD_SEMANTICS 1
| #define _TANDEM_SOURCE 1
| #define HAVE_DLFCN_H 1
| #define LT_OBJDIR ".libs/"
| #define ENABLE_THREAD_SAFETY 1
| #define HAVE_POLL /**/
| #define WITH_SSL 1
| /* end confdefs.h.  */
| 
| /* Override any GCC internal prototype to avoid an error.
|    Use char because int might match the return type of a GCC
|    builtin and then its argument prototype would still apply.  */
| #ifdef __cplusplus
| extern "C"
| #endif
| char poptGetContext ();
| int
| main ()
| {
| return poptGetContext ();
|   ;
|   return 0;
| }
configure:14027: result: no
configure:14304: checking that generated files are newer than configure
configure:14310: result: done
configure:14381: creating ./config.status

## ---------------------- ##
## Running config.status. ##
## ---------------------- ##

This file was extended by rabbitmq-c config.status 0.7.1, which was
generated by GNU Autoconf 2.69.  Invocation command line was

  CONFIG_FILES    = 
  CONFIG_HEADERS  = 
  CONFIG_LINKS    = 
  CONFIG_COMMANDS = 
  $ ./config.status 

on 997aa5b72b41

config.status:1131: creating librabbitmq.pc
config.status:1131: creating Makefile
config.status:1131: creating config.h
config.status:1360: executing depfiles commands
config.status:1360: executing libtool commands
configure:16620: result:
rabbitmq-c build options:
	Host: x86_64-unknown-linux-gnu
	Version: 0.7.1
	SSL/TLS: openssl
	Tools: no
	Documentation: no
	Examples: yes


## ---------------- ##
## Cache variables. ##
## ---------------- ##

ac_cv_build=x86_64-unknown-linux-gnu
ac_cv_c_compiler_gnu=yes
ac_cv_c_inline=inline
ac_cv_env_CC_set=
ac_cv_env_CC_value=
ac_cv_env_CFLAGS_set=
ac_cv_env_CFLAGS_value=
ac_cv_env_CPPFLAGS_set=
ac_cv_env_CPPFLAGS_value=
ac_cv_env_CPP_set=
ac_cv_env_CPP_value=
ac_cv_env_LDFLAGS_set=
ac_cv_env_LDFLAGS_value=
ac_cv_env_LIBS_set=
ac_cv_env_LIBS_value=
ac_cv_env_PKG_CONFIG_LIBDIR_set=
ac_cv_env_PKG_CONFIG_LIBDIR_value=
ac_cv_env_PKG_CONFIG_PATH_set=
ac_cv_env_PKG_CONFIG_PATH_value=
ac_cv_env_PKG_CONFIG_set=
ac_cv_env_PKG_CONFIG_value=
ac_cv_env_POLARSSL_CFLAGS_set=
ac_cv_env_POLARSSL_CFLAGS_value=
ac_cv_env_POLARSSL_LIBS_set=
ac_cv_env_POLARSSL_LIBS_value=
ac_cv_env_POPT_CFLAGS_set=
ac_cv_env_POPT_CFLAGS_value=
ac_cv_env_POPT_LIBS_set=
ac_cv_env_POPT_LIBS_value=
ac_cv_env_SSL_CFLAGS_set=
ac_cv_env_SSL_CFLAGS_value=
ac_cv_env_SSL_LIBS_set=
ac_cv_env_SSL_LIBS_value=
ac_cv_env_XMLTO_set=
ac_cv_env_XMLTO_value=
ac_cv_env_build_alias_set=
ac_cv_env_build_alias_value=
ac_cv_env_host_alias_set=
ac_cv_env_host_alias_value=
ac_cv_env_target_alias_set=
ac_cv_env_target_alias_value=
ac_cv_header_dlfcn_h=yes
ac_cv_header_inttypes_h=yes
ac_cv_header_memory_h=yes
ac_cv_header_minix_config_h=no
ac_cv_header_popt_h=no
ac_cv_header_stdc=yes
ac_cv_header_stdint_h=yes
ac_cv_header_stdlib_h=yes
ac_cv_header_string_h=yes
ac_cv_header_strings_h=yes
ac_cv_header_sys_stat_h=yes
ac_cv_header_sys_types_h=yes
ac_cv_header_unistd_h=yes
ac_cv_host=x86_64-unknown-linux-gnu
ac_cv_lib_popt_poptGetContext=no
ac_cv_objext=o
ac_cv_path_EGREP='/bin/grep -E'
ac_cv_path_FGREP='/bin/grep -F'
ac_cv_path_GREP=/bin/grep
ac_cv_path_SED=/bin/sed
ac_cv_path_ac_pt_PKG_CONFIG=/usr/bin/pkg-config
ac_cv_path_install='/usr/bin/install -c'
ac_cv_path_mkdir=/bin/mkdir
ac_cv_prog_AWK=gawk
ac_cv_prog_CPP='gcc -E'
ac_cv_prog_ac_ct_AR=ar
ac_cv_prog_ac_ct_CC=gcc
ac_cv_prog_ac_ct_OBJDUMP=objdump
ac_cv_prog_ac_ct_RANLIB=ranlib
ac_cv_prog_ac_ct_STRIP=strip
ac_cv_prog_cc_c89=
ac_cv_prog_cc_g=yes
ac_cv_prog_make_make_set=yes
ac_cv_safe_to_define___extensions__=yes
ac_cv_search_clock_gettime=-lrt
ac_cv_search_getaddrinfo='none required'
ac_cv_search_socket='none required'
am_cv_CC_dependencies_compiler_type=gcc3
am_cv_make_support_nested_variables=yes
am_cv_prog_cc_c_o=yes
ax_cv_have_poll=yes
ax_cv_have_popt=no
lt_cv_ar_at_file=@
lt_cv_archive_cmds_need_lc=no
lt_cv_deplibs_check_method=pass_all
lt_cv_file_magic_cmd='$MAGIC_CMD'
lt_cv_file_magic_test_file=
lt_cv_ld_reload_flag=-r
lt_cv_nm_interface='BSD nm'
lt_cv_objdir=.libs
lt_cv_path_LD=/usr/bin/ld
lt_cv_path_NM='/usr/bin/nm -B'
lt_cv_path_mainfest_tool=no
lt_cv_prog_compiler_c_o=yes
lt_cv_prog_compiler_pic='-fPIC -DPIC'
lt_cv_prog_compiler_pic_works=yes
lt_cv_prog_compiler_rtti_exceptions=no
lt_cv_prog_compiler_static_works=no
lt_cv_prog_gnu_ld=yes
lt_cv_sharedlib_from_linklib_cmd='printf %s\n'
lt_cv_shlibpath_overrides_runpath=no
lt_cv_sys_global_symbol_pipe='sed -n -e '\''s/^.*[	 ]\([ABCDGIRSTW][ABCDGIRSTW]*\)[	 ][	 ]*\([_A-Za-z][_A-Za-z0-9]*\)$/\1 \2 \2/p'\'' | sed '\''/ __gnu_lto/d'\'''
lt_cv_sys_global_symbol_to_c_name_address='sed -n -e '\''s/^: \([^ ]*\)[ ]*$/  {\"\1\", (void *) 0},/p'\'' -e '\''s/^[ABCDGIRSTW]* \([^ ]*\) \([^ ]*\)$/  {"\2", (void *) \&\2},/p'\'''
lt_cv_sys_global_symbol_to_c_name_address_lib_prefix='sed -n -e '\''s/^: \([^ ]*\)[ ]*$/  {\"\1\", (void *) 0},/p'\'' -e '\''s/^[ABCDGIRSTW]* \([^ ]*\) \(lib[^ ]*\)$/  {"\2", (void *) \&\2},/p'\'' -e '\''s/^[ABCDGIRSTW]* \([^ ]*\) \([^ ]*\)$/  {"lib\2", (void *) \&\2},/p'\'''
lt_cv_sys_global_symbol_to_cdecl='sed -n -e '\''s/^T .* \(.*\)$/extern int \1();/p'\'' -e '\''s/^[ABCDGIRSTW]* .* \(.*\)$/extern char \1;/p'\'''
lt_cv_sys_max_cmd_len=1572864
lt_cv_to_host_file_cmd=func_convert_file_noop
lt_cv_to_tool_file_cmd=func_convert_file_noop
pkg_cv_SSL_CFLAGS=' '
pkg_cv_SSL_LIBS='-lssl -lcrypto  '

## ----------------- ##
## Output variables. ##
## ----------------- ##

ACLOCAL='${SHELL} /opt/case/usersoft/rabbitmq-c-0.7.1/missing aclocal-1.14'
AMDEPBACKSLASH='\'
AMDEP_FALSE='#'
AMDEP_TRUE=''
AMTAR='$${TAR-tar}'
AM_BACKSLASH='\'
AM_DEFAULT_V='$(AM_DEFAULT_VERBOSITY)'
AM_DEFAULT_VERBOSITY='0'
AM_V='$(V)'
AR='ar'
AS='as'
AUTOCONF='${SHELL} /opt/case/usersoft/rabbitmq-c-0.7.1/missing autoconf'
AUTOHEADER='${SHELL} /opt/case/usersoft/rabbitmq-c-0.7.1/missing autoheader'
AUTOMAKE='${SHELL} /opt/case/usersoft/rabbitmq-c-0.7.1/missing automake-1.14'
AWK='gawk'
CC='gcc'
CCDEPMODE='depmode=gcc3'
CFLAGS='-g -O2 -Wall -Wextra -Wstrict-prototypes -Wno-unused-function -fno-common -fvisibility=hidden'
CPP='gcc -E'
CPPFLAGS=''
CYGPATH_W='echo'
DEFS='-DHAVE_CONFIG_H'
DEPDIR='.deps'
DLLTOOL='false'
DOCS_FALSE=''
DOCS_TRUE='#'
DSYMUTIL=''
DUMPBIN=''
ECHO_C=''
ECHO_N='-n'
ECHO_T=''
EGREP='/bin/grep -E'
EXAMPLES_FALSE='#'
EXAMPLES_TRUE=''
EXEEXT=''
FGREP='/bin/grep -F'
GREP='/bin/grep'
INSTALL_DATA='${INSTALL} -m 644'
INSTALL_PROGRAM='${INSTALL}'
INSTALL_SCRIPT='${INSTALL}'
INSTALL_STRIP_PROGRAM='$(install_sh) -c -s'
LD='/usr/bin/ld'
LDFLAGS=''
LIBOBJS=''
LIBS='-lrt '
LIBTOOL='$(SHELL) $(top_builddir)/libtool'
LIPO=''
LN_S='ln -s'
LTLIBOBJS=''
LT_AGE='1'
LT_CURRENT='5'
LT_REVISION='3'
MAKEINFO='${SHELL} /opt/case/usersoft/rabbitmq-c-0.7.1/missing makeinfo'
MANIFEST_TOOL=':'
MKDIR_P='/bin/mkdir -p'
NM='/usr/bin/nm -B'
NMEDIT=''
NO_UNDEFINED='-no-undefined'
OBJDUMP='objdump'
OBJEXT='o'
OS_APPLE_FALSE=''
OS_APPLE_TRUE='#'
OS_UNIX_FALSE='#'
OS_UNIX_TRUE=''
OS_WIN32_FALSE=''
OS_WIN32_TRUE='#'
OTOOL64=''
OTOOL=''
PACKAGE='rabbitmq-c'
PACKAGE_BUGREPORT='https://github.com/alanxz/rabbitmq-c/issues'
PACKAGE_NAME='rabbitmq-c'
PACKAGE_STRING='rabbitmq-c 0.7.1'
PACKAGE_TARNAME='rabbitmq-c'
PACKAGE_URL='http://www.rabbitmq.com/'
PACKAGE_VERSION='0.7.1'
PATH_SEPARATOR=':'
PKG_CONFIG='/usr/bin/pkg-config'
PKG_CONFIG_LIBDIR=''
PKG_CONFIG_PATH=''
POLARSSL_CFLAGS=''
POLARSSL_LIBS=''
POPT_CFLAGS=''
POPT_LIBS=''
RANLIB='ranlib'
SED='/bin/sed'
SET_MAKE=''
SHELL='/bin/sh'
SSL_CFLAGS=' '
SSL_CYASSL_FALSE=''
SSL_CYASSL_TRUE='#'
SSL_FALSE='#'
SSL_GNUTLS_FALSE=''
SSL_GNUTLS_TRUE='#'
SSL_LIBS='-lssl -lcrypto  '
SSL_OPENSSL_FALSE='#'
SSL_OPENSSL_TRUE=''
SSL_POLARSSL_FALSE=''
SSL_POLARSSL_TRUE='#'
SSL_TRUE=''
STRIP='strip'
TOOLS_FALSE=''
TOOLS_TRUE='#'
VERSION='0.7.1'
XMLTO=''
ac_ct_AR='ar'
ac_ct_CC='gcc'
ac_ct_DUMPBIN=''
am__EXEEXT_FALSE=''
am__EXEEXT_TRUE='#'
am__fastdepCC_FALSE='#'
am__fastdepCC_TRUE=''
am__include='include'
am__isrc=''
am__leading_dot='.'
am__nodep='_no'
am__quote=''
am__tar='$${TAR-tar} chof - "$$tardir"'
am__untar='$${TAR-tar} xf -'
bindir='${exec_prefix}/bin'
build='x86_64-unknown-linux-gnu'
build_alias=''
build_cpu='x86_64'
build_os='linux-gnu'
build_vendor='unknown'
datadir='${datarootdir}'
datarootdir='${prefix}/share'
docdir='${datarootdir}/doc/${PACKAGE_TARNAME}'
dvidir='${docdir}'
exec_prefix='${prefix}'
host='x86_64-unknown-linux-gnu'
host_alias=''
host_cpu='x86_64'
host_os='linux-gnu'
host_vendor='unknown'
htmldir='${docdir}'
includedir='${prefix}/include'
infodir='${datarootdir}/info'
install_sh='${SHELL} /opt/case/usersoft/rabbitmq-c-0.7.1/install-sh'
libdir='${exec_prefix}/lib'
libexecdir='${exec_prefix}/libexec'
libs_private='-lrt '
localedir='${datarootdir}/locale'
localstatedir='${prefix}/var'
mandir='${datarootdir}/man'
mkdir_p='$(MKDIR_P)'
oldincludedir='/usr/include'
pdfdir='${docdir}'
prefix='/usr/local/rabbitmq-c-0.7.1'
program_transform_name='s,x,x,'
psdir='${docdir}'
requires_private='openssl'
sbindir='${exec_prefix}/sbin'
sharedstatedir='${prefix}/com'
sysconfdir='${prefix}/etc'
target_alias=''

## ----------- ##
## confdefs.h. ##
## ----------- ##

/* confdefs.h */
#define PACKAGE_NAME "rabbitmq-c"
#define PACKAGE_TARNAME "rabbitmq-c"
#define PACKAGE_VERSION "0.7.1"
#define PACKAGE_STRING "rabbitmq-c 0.7.1"
#define PACKAGE_BUGREPORT "https://github.com/alanxz/rabbitmq-c/issues"
#define PACKAGE_URL "http://www.rabbitmq.com/"
#define PACKAGE "rabbitmq-c"
#define VERSION "0.7.1"
#define STDC_HEADERS 1
#define HAVE_SYS_TYPES_H 1
#define HAVE_SYS_STAT_H 1
#define HAVE_STDLIB_H 1
#define HAVE_STRING_H 1
#define HAVE_MEMORY_H 1
#define HAVE_STRINGS_H 1
#define HAVE_INTTYPES_H 1
#define HAVE_STDINT_H 1
#define HAVE_UNISTD_H 1
#define __EXTENSIONS__ 1
#define _ALL_SOURCE 1
#define _GNU_SOURCE 1
#define _POSIX_PTHREAD_SEMANTICS 1
#define _TANDEM_SOURCE 1
#define HAVE_DLFCN_H 1
#define LT_OBJDIR ".libs/"
#define ENABLE_THREAD_SAFETY 1
#define HAVE_POLL /**/
#define WITH_SSL 1
#define AMQ_PLATFORM "linux-gnu"

configure: exit 0
