This file contains any messages produced by compilers while
running configure, to aid debugging if configure makes a mistake.

It was created by configure, which was
generated by GNU Autoconf 2.69.  Invocation command line was

  $ ./configure --with-php-config=/opt/app/php/bin/php-config

## --------- ##
## Platform. ##
## --------- ##

hostname = 83511831c180
uname -m = x86_64
uname -r = 4.9.125-linuxkit
uname -s = Linux
uname -v = #1 SMP Fri Sep 7 08:20:28 UTC 2018

/usr/bin/uname -p = x86_64
/bin/uname -X     = unknown

/bin/arch              = x86_64
/usr/bin/arch -k       = unknown
/usr/convex/getsysinfo = unknown
/usr/bin/hostinfo      = unknown
/bin/machine           = unknown
/usr/bin/oslevel       = unknown
/bin/universe          = unknown

PATH: /usr/local/sbin
PATH: /usr/local/bin
PATH: /usr/sbin
PATH: /usr/bin
PATH: /sbin
PATH: /bin


## ----------- ##
## Core tests. ##
## ----------- ##

configure:2334: checking for grep that handles long lines and -e
configure:2392: result: /usr/bin/grep
configure:2397: checking for egrep
configure:2459: result: /usr/bin/grep -E
configure:2464: checking for a sed that does not truncate output
configure:2528: result: /usr/bin/sed
configure:2667: checking for pkg-config
configure:2685: found /usr/bin/pkg-config
configure:2697: result: /usr/bin/pkg-config
configure:2722: checking pkg-config is at least version 0.9.0
configure:2725: result: yes
configure:2787: checking for cc
configure:2803: found /usr/bin/cc
configure:2814: result: cc
configure:2845: checking for C compiler version
configure:2854: cc --version >&5
cc (GCC) 4.8.5 20150623 (Red Hat 4.8.5-39)
Copyright (C) 2015 Free Software Foundation, Inc.
This is free software; see the source for copying conditions.  There is NO
warranty; not even for MERCHANTABILITY or FITNESS FOR A PARTICULAR PURPOSE.

configure:2865: $? = 0
configure:2854: cc -v >&5
Using built-in specs.
COLLECT_GCC=cc
COLLECT_LTO_WRAPPER=/usr/libexec/gcc/x86_64-redhat-linux/4.8.5/lto-wrapper
Target: x86_64-redhat-linux
Configured with: ../configure --prefix=/usr --mandir=/usr/share/man --infodir=/usr/share/info --with-bugurl=http://bugzilla.redhat.com/bugzilla --enable-bootstrap --enable-shared --enable-threads=posix --enable-checking=release --with-system-zlib --enable-__cxa_atexit --disable-libunwind-exceptions --enable-gnu-unique-object --enable-linker-build-id --with-linker-hash-style=gnu --enable-languages=c,c++,objc,obj-c++,java,fortran,ada,go,lto --enable-plugin --enable-initfini-array --disable-libgcj --with-isl=/builddir/build/BUILD/gcc-4.8.5-20150702/obj-x86_64-redhat-linux/isl-install --with-cloog=/builddir/build/BUILD/gcc-4.8.5-20150702/obj-x86_64-redhat-linux/cloog-install --enable-gnu-indirect-function --with-tune=generic --with-arch_32=x86-64 --build=x86_64-redhat-linux
Thread model: posix
gcc version 4.8.5 20150623 (Red Hat 4.8.5-39) (GCC) 
configure:2865: $? = 0
configure:2854: cc -V >&5
cc: error: unrecognized command line option '-V'
cc: fatal error: no input files
compilation terminated.
configure:2865: $? = 4
configure:2854: cc -qversion >&5
cc: error: unrecognized command line option '-qversion'
cc: fatal error: no input files
compilation terminated.
configure:2865: $? = 4
configure:2885: checking whether the C compiler works
configure:2907: cc    conftest.c  >&5
configure:2911: $? = 0
configure:2959: result: yes
configure:2962: checking for C compiler default output file name
configure:2964: result: a.out
configure:2970: checking for suffix of executables
configure:2977: cc -o conftest    conftest.c  >&5
configure:2981: $? = 0
configure:3003: result: 
configure:3025: checking whether we are cross compiling
configure:3033: cc -o conftest    conftest.c  >&5
configure:3037: $? = 0
configure:3044: ./conftest
configure:3048: $? = 0
configure:3063: result: no
configure:3068: checking for suffix of object files
configure:3090: cc -c   conftest.c >&5
configure:3094: $? = 0
configure:3115: result: o
configure:3119: checking whether we are using the GNU C compiler
configure:3138: cc -c   conftest.c >&5
configure:3138: $? = 0
configure:3147: result: yes
configure:3156: checking whether cc accepts -g
configure:3176: cc -c -g  conftest.c >&5
configure:3176: $? = 0
configure:3217: result: yes
configure:3234: checking for cc option to accept ISO C89
configure:3297: cc  -c -g -O2  conftest.c >&5
configure:3297: $? = 0
configure:3310: result: none needed
configure:3336: checking how to run the C preprocessor
configure:3367: cc -E  conftest.c
configure:3367: $? = 0
configure:3381: cc -E  conftest.c
conftest.c:9:28: fatal error: ac_nonexistent.h: No such file or directory
 #include <ac_nonexistent.h>
                            ^
compilation terminated.
configure:3381: $? = 1
configure: failed program was:
| /* confdefs.h */
| #define PACKAGE_NAME ""
| #define PACKAGE_TARNAME ""
| #define PACKAGE_VERSION ""
| #define PACKAGE_STRING ""
| #define PACKAGE_BUGREPORT ""
| #define PACKAGE_URL ""
| /* end confdefs.h.  */
| #include <ac_nonexistent.h>
configure:3406: result: cc -E
configure:3426: cc -E  conftest.c
configure:3426: $? = 0
configure:3440: cc -E  conftest.c
conftest.c:9:28: fatal error: ac_nonexistent.h: No such file or directory
 #include <ac_nonexistent.h>
                            ^
compilation terminated.
configure:3440: $? = 1
configure: failed program was:
| /* confdefs.h */
| #define PACKAGE_NAME ""
| #define PACKAGE_TARNAME ""
| #define PACKAGE_VERSION ""
| #define PACKAGE_STRING ""
| #define PACKAGE_BUGREPORT ""
| #define PACKAGE_URL ""
| /* end confdefs.h.  */
| #include <ac_nonexistent.h>
configure:3471: checking for icc
configure:3480: result: no
configure:3494: checking for suncc
configure:3503: result: no
configure:3521: checking for system library directory
configure:3536: result: lib
configure:3543: checking if compiler supports -R
configure:3562: cc -o conftest -g -O2   conftest.c -R /usr/lib  >&5
cc: error: unrecognized command line option '-R'
configure:3562: $? = 1
configure: failed program was:
| /* confdefs.h */
| #define PACKAGE_NAME ""
| #define PACKAGE_TARNAME ""
| #define PACKAGE_VERSION ""
| #define PACKAGE_STRING ""
| #define PACKAGE_BUGREPORT ""
| #define PACKAGE_URL ""
| /* end confdefs.h.  */
| 
| int
| main ()
| {
| 
|   ;
|   return 0;
| }
configure:3572: result: no
configure:3577: checking if compiler supports -Wl,-rpath,
configure:3596: cc -o conftest -g -O2   conftest.c -Wl,-rpath,/usr/lib  >&5
configure:3596: $? = 0
configure:3606: result: yes
configure:3622: checking build system type
configure:3636: result: x86_64-pc-linux-gnu
configure:3656: checking host system type
configure:3669: result: x86_64-pc-linux-gnu
configure:3689: checking target system type
configure:3702: result: x86_64-pc-linux-gnu
configure:3805: checking for PHP prefix
configure:3807: result: /opt/app/php
configure:3809: checking for PHP includes
configure:3811: result: -I/opt/app/php/include/php -I/opt/app/php/include/php/main -I/opt/app/php/include/php/TSRM -I/opt/app/php/include/php/Zend -I/opt/app/php/include/php/ext -I/opt/app/php/include/php/ext/date/lib
configure:3813: checking for PHP extension directory
configure:3815: result: /opt/app/php/lib/php/extensions/no-debug-non-zts
configure:3817: checking for PHP installed headers prefix
configure:3819: result: /opt/app/php/include/php
configure:3822: checking if debug is enabled
configure:3848: result: no
configure:3851: checking if zts is enabled
configure:3877: result: no
configure:3945: checking for gawk
configure:3962: found /usr/bin/gawk
configure:3973: result: gawk
configure:4016: checking whether to enable xhprof support
configure:4055: result: yes, shared
configure:4063: checking for PCRE includes
configure:4070: result: yes
configure:4406: checking for a sed that does not truncate output
configure:4460: result: /usr/bin/sed
configure:4474: checking for ld used by cc
configure:4541: result: /usr/bin/ld
configure:4548: checking if the linker (/usr/bin/ld) is GNU ld
configure:4563: result: yes
configure:4568: checking for /usr/bin/ld option to reload object files
configure:4575: result: -r
configure:4593: checking for BSD-compatible nm
configure:4642: result: /usr/bin/nm -B
configure:4646: checking whether ln -s works
configure:4650: result: yes
configure:4657: checking how to recognize dependent libraries
configure:4843: result: pass_all
configure:4928: cc -c -g -O2  conftest.c >&5
configure:4931: $? = 0
configure:5061: checking for ANSI C header files
configure:5081: cc -c -g -O2  conftest.c >&5
configure:5081: $? = 0
configure:5154: cc -o conftest -g -O2   conftest.c  >&5
configure:5154: $? = 0
configure:5154: ./conftest
configure:5154: $? = 0
configure:5165: result: yes
configure:5178: checking for sys/types.h
configure:5178: cc -c -g -O2  conftest.c >&5
configure:5178: $? = 0
configure:5178: result: yes
configure:5178: checking for sys/stat.h
configure:5178: cc -c -g -O2  conftest.c >&5
configure:5178: $? = 0
configure:5178: result: yes
configure:5178: checking for stdlib.h
configure:5178: cc -c -g -O2  conftest.c >&5
configure:5178: $? = 0
configure:5178: result: yes
configure:5178: checking for string.h
configure:5178: cc -c -g -O2  conftest.c >&5
configure:5178: $? = 0
configure:5178: result: yes
configure:5178: checking for memory.h
configure:5178: cc -c -g -O2  conftest.c >&5
configure:5178: $? = 0
configure:5178: result: yes
configure:5178: checking for strings.h
configure:5178: cc -c -g -O2  conftest.c >&5
configure:5178: $? = 0
configure:5178: result: yes
configure:5178: checking for inttypes.h
configure:5178: cc -c -g -O2  conftest.c >&5
configure:5178: $? = 0
configure:5178: result: yes
configure:5178: checking for stdint.h
configure:5178: cc -c -g -O2  conftest.c >&5
configure:5178: $? = 0
configure:5178: result: yes
configure:5178: checking for unistd.h
configure:5178: cc -c -g -O2  conftest.c >&5
configure:5178: $? = 0
configure:5178: result: yes
configure:5192: checking dlfcn.h usability
configure:5192: cc -c -g -O2  conftest.c >&5
configure:5192: $? = 0
configure:5192: result: yes
configure:5192: checking dlfcn.h presence
configure:5192: cc -E  conftest.c
configure:5192: $? = 0
configure:5192: result: yes
configure:5192: checking for dlfcn.h
configure:5192: result: yes
configure:5214: checking the maximum length of command line arguments
configure:5326: result: 1572864
configure:5338: checking command to parse /usr/bin/nm -B output from cc object
configure:5443: cc -c -g -O2  conftest.c >&5
configure:5446: $? = 0
configure:5450: /usr/bin/nm -B conftest.o \| sed -n -e 's/^.*[ 	]\([ABCDGIRSTW][ABCDGIRSTW]*\)[ 	][ 	]*\([_A-Za-z][_A-Za-z0-9]*\)$/\1 \2 \2/p' \> conftest.nm
configure:5453: $? = 0
configure:5505: cc -o conftest -g -O2   conftest.c conftstm.o >&5
configure:5508: $? = 0
configure:5546: result: ok
configure:5550: checking for objdir
configure:5565: result: .libs
configure:5657: checking for ar
configure:5673: found /usr/bin/ar
configure:5684: result: ar
configure:5749: checking for ranlib
configure:5765: found /usr/bin/ranlib
configure:5776: result: ranlib
configure:5841: checking for strip
configure:5857: found /usr/bin/strip
configure:5868: result: strip
configure:6437: checking if cc supports -fno-rtti -fno-exceptions
configure:6455: cc -c -g -O2  -fno-rtti -fno-exceptions conftest.c >&5
cc1: warning: command line option '-fno-rtti' is valid for C++/ObjC++ but not for C [enabled by default]
configure:6459: $? = 0
configure:6472: result: no
configure:6487: checking for cc option to produce PIC
configure:6727: result: -fPIC
configure:6735: checking if cc PIC flag -fPIC works
configure:6753: cc -c -g -O2  -fPIC -DPIC conftest.c >&5
configure:6757: $? = 0
configure:6770: result: yes
configure:6798: checking if cc static flag -static works
configure:6826: result: no
configure:6836: checking if cc supports -c -o file.o
configure:6857: cc -c -g -O2  -o out/conftest2.o conftest.c >&5
configure:6861: $? = 0
configure:6883: result: yes
configure:6909: checking whether the cc linker (/usr/bin/ld) supports shared libraries
configure:7837: result: yes
configure:7858: checking whether -lc should be explicitly linked in
configure:7863: cc -c -g -O2  conftest.c >&5
configure:7866: $? = 0
configure:7881: cc -shared conftest.o  -v -Wl,-soname -Wl,conftest -o conftest 2\>\&1 \| grep  -lc  \>/dev/null 2\>\&1
configure:7884: $? = 0
configure:7896: result: no
configure:7904: checking dynamic linker characteristics
configure:8502: result: GNU/Linux ld.so
configure:8526: checking how to hardcode library paths into programs
configure:8551: result: immediate
configure:8565: checking whether stripping libraries is possible
configure:8570: result: yes
configure:9087: checking if libtool supports shared libraries
configure:9089: result: yes
configure:9092: checking whether to build shared libraries
configure:9113: result: yes
configure:9116: checking whether to build static libraries
configure:9120: result: no
configure:9215: result:
creating libtool
configure:12911: patching config.h.in
configure:12922: creating ./config.status

## ---------------------- ##
## Running config.status. ##
## ---------------------- ##

This file was extended by config.status, which was
generated by GNU Autoconf 2.69.  Invocation command line was

  CONFIG_FILES    = 
  CONFIG_HEADERS  = 
  CONFIG_LINKS    = 
  CONFIG_COMMANDS = 
  $ ./config.status 

on 83511831c180

config.status:677: creating config.h

## ---------------- ##
## Cache variables. ##
## ---------------- ##

ac_cv_build=x86_64-pc-linux-gnu
ac_cv_c_compiler_gnu=yes
ac_cv_env_CC_set=
ac_cv_env_CC_value=
ac_cv_env_CFLAGS_set=
ac_cv_env_CFLAGS_value=
ac_cv_env_CPPFLAGS_set=
ac_cv_env_CPPFLAGS_value=
ac_cv_env_CPP_set=
ac_cv_env_CPP_value=
ac_cv_env_LDFLAGS_set=
ac_cv_env_LDFLAGS_value=
ac_cv_env_LIBS_set=
ac_cv_env_LIBS_value=
ac_cv_env_PKG_CONFIG_LIBDIR_set=
ac_cv_env_PKG_CONFIG_LIBDIR_value=
ac_cv_env_PKG_CONFIG_PATH_set=
ac_cv_env_PKG_CONFIG_PATH_value=
ac_cv_env_PKG_CONFIG_set=
ac_cv_env_PKG_CONFIG_value=
ac_cv_env_build_alias_set=
ac_cv_env_build_alias_value=
ac_cv_env_host_alias_set=
ac_cv_env_host_alias_value=
ac_cv_env_target_alias_set=
ac_cv_env_target_alias_value=
ac_cv_header_dlfcn_h=yes
ac_cv_header_inttypes_h=yes
ac_cv_header_memory_h=yes
ac_cv_header_stdc=yes
ac_cv_header_stdint_h=yes
ac_cv_header_stdlib_h=yes
ac_cv_header_string_h=yes
ac_cv_header_strings_h=yes
ac_cv_header_sys_stat_h=yes
ac_cv_header_sys_types_h=yes
ac_cv_header_unistd_h=yes
ac_cv_host=x86_64-pc-linux-gnu
ac_cv_objext=o
ac_cv_path_EGREP='/usr/bin/grep -E'
ac_cv_path_GREP=/usr/bin/grep
ac_cv_path_SED=/usr/bin/sed
ac_cv_path_ac_pt_PKG_CONFIG=/usr/bin/pkg-config
ac_cv_prog_AWK=gawk
ac_cv_prog_CPP='cc -E'
ac_cv_prog_ac_ct_AR=ar
ac_cv_prog_ac_ct_CC=cc
ac_cv_prog_ac_ct_RANLIB=ranlib
ac_cv_prog_ac_ct_STRIP=strip
ac_cv_prog_cc_c89=
ac_cv_prog_cc_g=yes
ac_cv_target=x86_64-pc-linux-gnu
lt_cv_deplibs_check_method=pass_all
lt_cv_file_magic_cmd='$MAGIC_CMD'
lt_cv_file_magic_test_file=
lt_cv_ld_reload_flag=-r
lt_cv_objdir=.libs
lt_cv_path_LD=/usr/bin/ld
lt_cv_path_NM='/usr/bin/nm -B'
lt_cv_path_SED=/usr/bin/sed
lt_cv_prog_compiler_c_o=yes
lt_cv_prog_compiler_pic_works=yes
lt_cv_prog_compiler_rtti_exceptions=no
lt_cv_prog_compiler_static_works=no
lt_cv_prog_gnu_ld=yes
lt_cv_sys_global_symbol_pipe='sed -n -e '\''s/^.*[ 	]\([ABCDGIRSTW][ABCDGIRSTW]*\)[ 	][ 	]*\([_A-Za-z][_A-Za-z0-9]*\)$/\1 \2 \2/p'\'''
lt_cv_sys_global_symbol_to_c_name_address='sed -n -e '\''s/^: \([^ ]*\) $/  {\"\1\", (lt_ptr) 0},/p'\'' -e '\''s/^[BCDEGRST] \([^ ]*\) \([^ ]*\)$/  {"\2", (lt_ptr) \&\2},/p'\'''
lt_cv_sys_global_symbol_to_cdecl='sed -n -e '\''s/^. .* \(.*\)$/extern int \1;/p'\'''
lt_cv_sys_lib_dlsearch_path_spec='/lib /usr/lib /opt/app/libzip/lib64 '
lt_cv_sys_lib_search_path_spec='/usr/lib/gcc/x86_64-redhat-linux/4.8.5 /usr/lib64 /lib64'
lt_cv_sys_max_cmd_len=1572864
lt_lt_cv_prog_compiler_c_o='"yes"'
lt_lt_cv_sys_global_symbol_pipe='"sed -n -e '\''s/^.*[ 	]\\([ABCDGIRSTW][ABCDGIRSTW]*\\)[ 	][ 	]*\\([_A-Za-z][_A-Za-z0-9]*\\)\$/\\1 \\2 \\2/p'\''"'
lt_lt_cv_sys_global_symbol_to_c_name_address='"sed -n -e '\''s/^: \\([^ ]*\\) \$/  {\\\"\\1\\\", (lt_ptr) 0},/p'\'' -e '\''s/^[BCDEGRST] \\([^ ]*\\) \\([^ ]*\\)\$/  {\"\\2\", (lt_ptr) \\&\\2},/p'\''"'
lt_lt_cv_sys_global_symbol_to_cdecl='"sed -n -e '\''s/^. .* \\(.*\\)\$/extern int \\1;/p'\''"'
php_cv_cc_dashr=no
php_cv_cc_rpath=yes

## ----------------- ##
## Output variables. ##
## ----------------- ##

AR='ar'
AWK='gawk'
CC='cc'
CFLAGS='-g -O2'
CONFIGURE_COMMAND=' '\''./configure'\''  '\''--with-php-config=/opt/app/php/bin/php-config'\'''
CONFIGURE_OPTIONS=' '\''--with-php-config=/opt/app/php/bin/php-config'\'''
CPP='cc -E'
CPPFLAGS=' -DHAVE_CONFIG_H'
DEFS='-DHAVE_CONFIG_H'
DSYMUTIL=''
ECHO='echo'
ECHO_C=''
ECHO_N='-n'
ECHO_T=''
EGREP='/usr/bin/grep -E'
EXEEXT=''
GREP='/usr/bin/grep'
LDFLAGS=''
LIBOBJS=''
LIBS=''
LIBTOOL='$(SHELL) $(top_builddir)/libtool'
LN_S='ln -s'
LTLIBOBJS=''
NMEDIT=''
OBJEXT='o'
PACKAGE_BUGREPORT=''
PACKAGE_NAME=''
PACKAGE_STRING=''
PACKAGE_TARNAME=''
PACKAGE_URL=''
PACKAGE_VERSION=''
PATH_SEPARATOR=':'
PKG_CONFIG='/usr/bin/pkg-config'
PKG_CONFIG_LIBDIR=''
PKG_CONFIG_PATH=''
RANLIB='ranlib'
SED='/usr/bin/sed'
SHELL='/bin/sh'
SHLIB_DL_SUFFIX_NAME='so'
SHLIB_SUFFIX_NAME='so'
STRIP='strip'
ac_ct_CC='cc'
bindir='${exec_prefix}/bin'
build='x86_64-pc-linux-gnu'
build_alias=''
build_cpu='x86_64'
build_os='linux-gnu'
build_vendor='pc'
datadir='${datarootdir}'
datarootdir='${prefix}/share'
docdir='${datarootdir}/doc/${PACKAGE}'
dvidir='${docdir}'
exec_prefix='$(prefix)'
host='x86_64-pc-linux-gnu'
host_alias='x86_64-pc-linux-gnu'
host_cpu='x86_64'
host_os='linux-gnu'
host_vendor='pc'
htmldir='${docdir}'
includedir='${prefix}/include'
infodir='${datarootdir}/info'
libdir='${exec_prefix}/lib'
libexecdir='${exec_prefix}/libexec'
localedir='${datarootdir}/locale'
localstatedir='${prefix}/var'
mandir='${datarootdir}/man'
oldincludedir='/usr/include'
pdfdir='${docdir}'
prefix='/opt/app/php'
program_transform_name='s,x,x,'
psdir='${docdir}'
sbindir='${exec_prefix}/sbin'
sharedstatedir='${prefix}/com'
sysconfdir='${prefix}/etc'
target='x86_64-pc-linux-gnu'
target_alias=''
target_cpu='x86_64'
target_os='linux-gnu'
target_vendor='pc'

## ----------- ##
## confdefs.h. ##
## ----------- ##

/* confdefs.h */
#define PACKAGE_NAME ""
#define PACKAGE_TARNAME ""
#define PACKAGE_VERSION ""
#define PACKAGE_STRING ""
#define PACKAGE_BUGREPORT ""
#define PACKAGE_URL ""
#define HAVE_PCRE 1
#define COMPILE_DL_XHPROF 1
#define STDC_HEADERS 1
#define HAVE_SYS_TYPES_H 1
#define HAVE_SYS_STAT_H 1
#define HAVE_STDLIB_H 1
#define HAVE_STRING_H 1
#define HAVE_MEMORY_H 1
#define HAVE_STRINGS_H 1
#define HAVE_INTTYPES_H 1
#define HAVE_STDINT_H 1
#define HAVE_UNISTD_H 1
#define HAVE_DLFCN_H 1

configure: exit 0
